Start testing: May 01 19:32 -05
----------------------------------------------------------
1/1 Testing: RunImebraTests
1/1 Test: RunImebraTests
Command: "/home/rcruz/workspace/Citesoft/dicom/imebraLib/ImebraTests" "--corruptedFilesFolder=/home/rcruz/workspace/Citesoft/dicom/imebra_4_2_1_1/tests/corruptedfiles"
Directory: /home/rcruz/workspace/Citesoft/dicom/imebraLib
"RunImebraTests" start time: May 01 19:32 -05
Output:
----------------------------------------------------------
[==========] Running 133 tests from 27 test cases.
[----------] Global test environment set-up.
[----------] 12 tests from acseTest
[ RUN      ] acseTest.negotiationOneTransferSyntax
[       OK ] acseTest.negotiationOneTransferSyntax (13 ms)
[ RUN      ] acseTest.scpScuRole
[       OK ] acseTest.scpScuRole (2 ms)
[ RUN      ] acseTest.negotiationMultipleTransferSyntaxes
[       OK ] acseTest.negotiationMultipleTransferSyntaxes (4 ms)
[ RUN      ] acseTest.negotiationPartialMatchTransferSyntaxes
[       OK ] acseTest.negotiationPartialMatchTransferSyntaxes (4 ms)
[ RUN      ] acseTest.sendPayload
[       OK ] acseTest.sendPayload (5568 ms)
[ RUN      ] acseTest.overlappingOperations
[       OK ] acseTest.overlappingOperations (5431 ms)
[ RUN      ] acseTest.negotiationMultiplePresentationContexts
[       OK ] acseTest.negotiationMultiplePresentationContexts (3 ms)
[ RUN      ] acseTest.negotiationNoTransferSyntax
[       OK ] acseTest.negotiationNoTransferSyntax (3 ms)
[ RUN      ] acseTest.negotiationNoPresentationContext
[       OK ] acseTest.negotiationNoPresentationContext (4 ms)
[ RUN      ] acseTest.rejectAssociationName
[       OK ] acseTest.rejectAssociationName (0 ms)
[ RUN      ] acseTest.invokeTooManyOperations
[       OK ] acseTest.invokeTooManyOperations (3 ms)
[ RUN      ] acseTest.artimTest
[       OK ] acseTest.artimTest (10000 ms)
[----------] 12 tests from acseTest (21037 ms total)

[----------] 2 tests from bitTransformTest
[ RUN      ] bitTransformTest.bitShift
[       OK ] bitTransformTest.bitShift (2 ms)
[ RUN      ] bitTransformTest.allocateOutputImage
[       OK ] bitTransformTest.allocateOutputImage (0 ms)
[----------] 2 tests from bitTransformTest (2 ms total)

[----------] 2 tests from buildImage
[ RUN      ] buildImage.testBuildImage
[       OK ] buildImage.testBuildImage (174 ms)
[ RUN      ] buildImage.testCompareImage
[       OK ] buildImage.testCompareImage (408 ms)
[----------] 2 tests from buildImage (582 ms total)

[----------] 13 tests from colorConversion
[ RUN      ] colorConversion.RGB2YBRFULL
[       OK ] colorConversion.RGB2YBRFULL (0 ms)
[ RUN      ] colorConversion.RGB2YBRRCT
[       OK ] colorConversion.RGB2YBRRCT (105 ms)
[ RUN      ] colorConversion.RGB2YBRPARTIAL
[       OK ] colorConversion.RGB2YBRPARTIAL (0 ms)
[ RUN      ] colorConversion.RGB2MONOCHROME2
[       OK ] colorConversion.RGB2MONOCHROME2 (0 ms)
[ RUN      ] colorConversion.RGB2MONOCHROME1
[       OK ] colorConversion.RGB2MONOCHROME1 (0 ms)
[ RUN      ] colorConversion.MONOCHROME12MONOCHROME2
[       OK ] colorConversion.MONOCHROME12MONOCHROME2 (0 ms)
[ RUN      ] colorConversion.MONOCHROME12RGB
[       OK ] colorConversion.MONOCHROME12RGB (0 ms)
[ RUN      ] colorConversion.MONOCHROME22RGB
[       OK ] colorConversion.MONOCHROME22RGB (0 ms)
[ RUN      ] colorConversion.MONOCHROME2YBRFULL
[       OK ] colorConversion.MONOCHROME2YBRFULL (0 ms)
[ RUN      ] colorConversion.YBRFULL2MONOCHROME2
[       OK ] colorConversion.YBRFULL2MONOCHROME2 (0 ms)
[ RUN      ] colorConversion.YBRFULL2RGB
[       OK ] colorConversion.YBRFULL2RGB (0 ms)
[ RUN      ] colorConversion.YBRPARTIAL2RGB
[       OK ] colorConversion.YBRPARTIAL2RGB (0 ms)
[ RUN      ] colorConversion.factoryTest
[       OK ] colorConversion.factoryTest (0 ms)
[----------] 13 tests from colorConversion (107 ms total)

[----------] 1 test from corruptedFilesTest
[ RUN      ] corruptedFilesTest.corruptedFilesTest
Processing corrupted file /home/rcruz/workspace/Citesoft/dicom/imebra_4_2_1_1/tests/corruptedfiles/id_000000_sig_11_src_000000_op_flip1_pos_508
Processing corrupted file /home/rcruz/workspace/Citesoft/dicom/imebra_4_2_1_1/tests/corruptedfiles/id_000003_sig_06_src_000000_op_flip1_pos_559
Processing corrupted file /home/rcruz/workspace/Citesoft/dicom/imebra_4_2_1_1/tests/corruptedfiles/id_000001_sig_11_src_000000_op_flip1_pos_508
Processing corrupted file /home/rcruz/workspace/Citesoft/dicom/imebra_4_2_1_1/tests/corruptedfiles/id_000002_sig_11_src_000000_op_flip1_pos_508
Processing corrupted file /home/rcruz/workspace/Citesoft/dicom/imebra_4_2_1_1/tests/corruptedfiles/id_000001_sig_11_src_000000_op_flip4_pos_21641
Processing corrupted file /home/rcruz/workspace/Citesoft/dicom/imebra_4_2_1_1/tests/corruptedfiles/id_000000_sig_11_src_000000_op_flip1_pos_21641
[       OK ] corruptedFilesTest.corruptedFilesTest (10 ms)
[----------] 1 test from corruptedFilesTest (10 ms total)

[----------] 11 tests from dataSetTest
[ RUN      ] dataSetTest.testFragmentation
[       OK ] dataSetTest.testFragmentation (1031 ms)
[ RUN      ] dataSetTest.testVOIs
[       OK ] dataSetTest.testVOIs (0 ms)
[ RUN      ] dataSetTest.testGetTags
[       OK ] dataSetTest.testGetTags (0 ms)
[ RUN      ] dataSetTest.testCreateTags
[       OK ] dataSetTest.testCreateTags (0 ms)
[ RUN      ] dataSetTest.testSetGetTags
[       OK ] dataSetTest.testSetGetTags (0 ms)
[ RUN      ] dataSetTest.defaults
[       OK ] dataSetTest.defaults (1 ms)
[ RUN      ] dataSetTest.testSequence
Sequence test. Transfer syntax: 1.2.840.10008.1.2
Sequence test. Transfer syntax: 1.2.840.10008.1.2.1
Sequence test. Transfer syntax: 1.2.840.10008.1.2.2
Sequence test. Transfer syntax: 1.2.840.10008.1.2.5
[       OK ] dataSetTest.testSequence (2 ms)
[ RUN      ] dataSetTest.dataHandler
[       OK ] dataSetTest.dataHandler (1 ms)
[ RUN      ] dataSetTest.testEmptySequence
Sequence test. Transfer syntax: 1.2.840.10008.1.2
Sequence test. Transfer syntax: 1.2.840.10008.1.2.1
Sequence test. Transfer syntax: 1.2.840.10008.1.2.2
Sequence test. Transfer syntax: 1.2.840.10008.1.2.5
[       OK ] dataSetTest.testEmptySequence (1 ms)
[ RUN      ] dataSetTest.charsetNotNecessaryTest
[       OK ] dataSetTest.charsetNotNecessaryTest (0 ms)
[ RUN      ] dataSetTest.sequenceNoCharsetTest
[       OK ] dataSetTest.sequenceNoCharsetTest (5 ms)
[----------] 11 tests from dataSetTest (1042 ms total)

[----------] 4 tests from dateTimeHandlerTest
[ RUN      ] dateTimeHandlerTest.dateTest
[       OK ] dateTimeHandlerTest.dateTest (0 ms)
[ RUN      ] dateTimeHandlerTest.timeTest
[       OK ] dateTimeHandlerTest.timeTest (0 ms)
[ RUN      ] dateTimeHandlerTest.dateTimeTest
[       OK ] dateTimeHandlerTest.dateTimeTest (0 ms)
[ RUN      ] dateTimeHandlerTest.incompleteDateTimeTest
[       OK ] dateTimeHandlerTest.incompleteDateTimeTest (0 ms)
[----------] 4 tests from dateTimeHandlerTest (0 ms total)

[----------] 3 tests from dicomCodecTest
[ RUN      ] dicomCodecTest.testDicom
Dicom test. Transfer syntax: 1.2.840.10008.1.2 interleaved: 0 sign: 0 highBit: 0
 colorSpace: MONOCHROME2
Dicom test. Transfer syntax: 1.2.840.10008.1.2 interleaved: 0 sign: 0 highBit: 0
 colorSpace: RGB
Dicom test. Transfer syntax: 1.2.840.10008.1.2 interleaved: 0 sign: 0 highBit: 0
 colorSpace: YBR_FULL
Dicom test. Transfer syntax: 1.2.840.10008.1.2 interleaved: 0 sign: 0 highBit: 1
 colorSpace: MONOCHROME2
Dicom test. Transfer syntax: 1.2.840.10008.1.2 interleaved: 0 sign: 0 highBit: 1
 colorSpace: RGB
Dicom test. Transfer syntax: 1.2.840.10008.1.2 interleaved: 0 sign: 0 highBit: 1
 colorSpace: YBR_FULL
Dicom test. Transfer syntax: 1.2.840.10008.1.2 interleaved: 0 sign: 0 highBit: 2
 colorSpace: MONOCHROME2
Dicom test. Transfer syntax: 1.2.840.10008.1.2 interleaved: 0 sign: 0 highBit: 2
 colorSpace: RGB
Dicom test. Transfer syntax: 1.2.840.10008.1.2 interleaved: 0 sign: 0 highBit: 2
 colorSpace: YBR_FULL
Dicom test. Transfer syntax: 1.2.840.10008.1.2 interleaved: 0 sign: 0 highBit: 3
 colorSpace: MONOCHROME2
Dicom test. Transfer syntax: 1.2.840.10008.1.2 interleaved: 0 sign: 0 highBit: 3
 colorSpace: RGB
Dicom test. Transfer syntax: 1.2.840.10008.1.2 interleaved: 0 sign: 0 highBit: 3
 colorSpace: YBR_FULL
Dicom test. Transfer syntax: 1.2.840.10008.1.2 interleaved: 0 sign: 0 highBit: 4
 colorSpace: MONOCHROME2
Dicom test. Transfer syntax: 1.2.840.10008.1.2 interleaved: 0 sign: 0 highBit: 4
 colorSpace: RGB
Dicom test. Transfer syntax: 1.2.840.10008.1.2 interleaved: 0 sign: 0 highBit: 4
 colorSpace: YBR_FULL
Dicom test. Transfer syntax: 1.2.840.10008.1.2 interleaved: 0 sign: 0 highBit: 5
 colorSpace: MONOCHROME2
Dicom test. Transfer syntax: 1.2.840.10008.1.2 interleaved: 0 sign: 0 highBit: 5
 colorSpace: RGB
Dicom test. Transfer syntax: 1.2.840.10008.1.2 interleaved: 0 sign: 0 highBit: 5
 colorSpace: YBR_FULL
Dicom test. Transfer syntax: 1.2.840.10008.1.2 interleaved: 0 sign: 0 highBit: 6
 colorSpace: MONOCHROME2
Dicom test. Transfer syntax: 1.2.840.10008.1.2 interleaved: 0 sign: 0 highBit: 6
 colorSpace: RGB
Dicom test. Transfer syntax: 1.2.840.10008.1.2 interleaved: 0 sign: 0 highBit: 6
 colorSpace: YBR_FULL
Dicom test. Transfer syntax: 1.2.840.10008.1.2 interleaved: 0 sign: 0 highBit: 7
 colorSpace: MONOCHROME2
Dicom test. Transfer syntax: 1.2.840.10008.1.2 interleaved: 0 sign: 0 highBit: 7
 colorSpace: RGB
Dicom test. Transfer syntax: 1.2.840.10008.1.2 interleaved: 0 sign: 0 highBit: 7
 colorSpace: YBR_FULL
Dicom test. Transfer syntax: 1.2.840.10008.1.2 interleaved: 0 sign: 0 highBit: 8
 colorSpace: MONOCHROME2
Dicom test. Transfer syntax: 1.2.840.10008.1.2 interleaved: 0 sign: 0 highBit: 8
 colorSpace: RGB
Dicom test. Transfer syntax: 1.2.840.10008.1.2 interleaved: 0 sign: 0 highBit: 8
 colorSpace: YBR_FULL
Dicom test. Transfer syntax: 1.2.840.10008.1.2 interleaved: 0 sign: 0 highBit: 9
 colorSpace: MONOCHROME2
Dicom test. Transfer syntax: 1.2.840.10008.1.2 interleaved: 0 sign: 0 highBit: 9
 colorSpace: RGB
Dicom test. Transfer syntax: 1.2.840.10008.1.2 interleaved: 0 sign: 0 highBit: 9
 colorSpace: YBR_FULL
Dicom test. Transfer syntax: 1.2.840.10008.1.2 interleaved: 0 sign: 0 highBit: 10
 colorSpace: MONOCHROME2
Dicom test. Transfer syntax: 1.2.840.10008.1.2 interleaved: 0 sign: 0 highBit: 10
 colorSpace: RGB
Dicom test. Transfer syntax: 1.2.840.10008.1.2 interleaved: 0 sign: 0 highBit: 10
 colorSpace: YBR_FULL
Dicom test. Transfer syntax: 1.2.840.10008.1.2 interleaved: 0 sign: 0 highBit: 11
 colorSpace: MONOCHROME2
Dicom test. Transfer syntax: 1.2.840.10008.1.2 interleaved: 0 sign: 0 highBit: 11
 colorSpace: RGB
Dicom test. Transfer syntax: 1.2.840.10008.1.2 interleaved: 0 sign: 0 highBit: 11
 colorSpace: YBR_FULL
Dicom test. Transfer syntax: 1.2.840.10008.1.2 interleaved: 0 sign: 0 highBit: 12
 colorSpace: MONOCHROME2
Dicom test. Transfer syntax: 1.2.840.10008.1.2 interleaved: 0 sign: 0 highBit: 12
 colorSpace: RGB
Dicom test. Transfer syntax: 1.2.840.10008.1.2 interleaved: 0 sign: 0 highBit: 12
 colorSpace: YBR_FULL
Dicom test. Transfer syntax: 1.2.840.10008.1.2 interleaved: 0 sign: 0 highBit: 13
 colorSpace: MONOCHROME2
Dicom test. Transfer syntax: 1.2.840.10008.1.2 interleaved: 0 sign: 0 highBit: 13
 colorSpace: RGB
Dicom test. Transfer syntax: 1.2.840.10008.1.2 interleaved: 0 sign: 0 highBit: 13
 colorSpace: YBR_FULL
Dicom test. Transfer syntax: 1.2.840.10008.1.2 interleaved: 0 sign: 0 highBit: 14
 colorSpace: MONOCHROME2
Dicom test. Transfer syntax: 1.2.840.10008.1.2 interleaved: 0 sign: 0 highBit: 14
 colorSpace: RGB
Dicom test. Transfer syntax: 1.2.840.10008.1.2 interleaved: 0 sign: 0 highBit: 14
 colorSpace: YBR_FULL
Dicom test. Transfer syntax: 1.2.840.10008.1.2 interleaved: 0 sign: 0 highBit: 15
 colorSpace: MONOCHROME2
Dicom test. Transfer syntax: 1.2.840.10008.1.2 interleaved: 0 sign: 0 highBit: 15
 colorSpace: RGB
Dicom test. Transfer syntax: 1.2.840.10008.1.2 interleaved: 0 sign: 0 highBit: 15
 colorSpace: YBR_FULL
Dicom test. Transfer syntax: 1.2.840.10008.1.2 interleaved: 0 sign: 0 highBit: 16
 colorSpace: MONOCHROME2
Dicom test. Transfer syntax: 1.2.840.10008.1.2 interleaved: 0 sign: 0 highBit: 16
 colorSpace: RGB
Dicom test. Transfer syntax: 1.2.840.10008.1.2 interleaved: 0 sign: 0 highBit: 16
 colorSpace: YBR_FULL
Dicom test. Transfer syntax: 1.2.840.10008.1.2 interleaved: 0 sign: 0 highBit: 17
 colorSpace: MONOCHROME2
Dicom test. Transfer syntax: 1.2.840.10008.1.2 interleaved: 0 sign: 0 highBit: 17
 colorSpace: RGB
Dicom test. Transfer syntax: 1.2.840.10008.1.2 interleaved: 0 sign: 0 highBit: 17
 colorSpace: YBR_FULL
Dicom test. Transfer syntax: 1.2.840.10008.1.2 interleaved: 0 sign: 0 highBit: 18
 colorSpace: MONOCHROME2
Dicom test. Transfer syntax: 1.2.840.10008.1.2 interleaved: 0 sign: 0 highBit: 18
 colorSpace: RGB
Dicom test. Transfer syntax: 1.2.840.10008.1.2 interleaved: 0 sign: 0 highBit: 18
 colorSpace: YBR_FULL
Dicom test. Transfer syntax: 1.2.840.10008.1.2 interleaved: 0 sign: 0 highBit: 19
 colorSpace: MONOCHROME2
Dicom test. Transfer syntax: 1.2.840.10008.1.2 interleaved: 0 sign: 0 highBit: 19
 colorSpace: RGB
Dicom test. Transfer syntax: 1.2.840.10008.1.2 interleaved: 0 sign: 0 highBit: 19
 colorSpace: YBR_FULL
Dicom test. Transfer syntax: 1.2.840.10008.1.2 interleaved: 0 sign: 0 highBit: 20
 colorSpace: MONOCHROME2
Dicom test. Transfer syntax: 1.2.840.10008.1.2 interleaved: 0 sign: 0 highBit: 20
 colorSpace: RGB
Dicom test. Transfer syntax: 1.2.840.10008.1.2 interleaved: 0 sign: 0 highBit: 20
 colorSpace: YBR_FULL
Dicom test. Transfer syntax: 1.2.840.10008.1.2 interleaved: 0 sign: 0 highBit: 21
 colorSpace: MONOCHROME2
Dicom test. Transfer syntax: 1.2.840.10008.1.2 interleaved: 0 sign: 0 highBit: 21
 colorSpace: RGB
Dicom test. Transfer syntax: 1.2.840.10008.1.2 interleaved: 0 sign: 0 highBit: 21
 colorSpace: YBR_FULL
Dicom test. Transfer syntax: 1.2.840.10008.1.2 interleaved: 0 sign: 0 highBit: 22
 colorSpace: MONOCHROME2
Dicom test. Transfer syntax: 1.2.840.10008.1.2 interleaved: 0 sign: 0 highBit: 22
 colorSpace: RGB
Dicom test. Transfer syntax: 1.2.840.10008.1.2 interleaved: 0 sign: 0 highBit: 22
 colorSpace: YBR_FULL
Dicom test. Transfer syntax: 1.2.840.10008.1.2 interleaved: 0 sign: 0 highBit: 23
 colorSpace: MONOCHROME2
Dicom test. Transfer syntax: 1.2.840.10008.1.2 interleaved: 0 sign: 0 highBit: 23
 colorSpace: RGB
Dicom test. Transfer syntax: 1.2.840.10008.1.2 interleaved: 0 sign: 0 highBit: 23
 colorSpace: YBR_FULL
Dicom test. Transfer syntax: 1.2.840.10008.1.2 interleaved: 0 sign: 0 highBit: 24
 colorSpace: MONOCHROME2
Dicom test. Transfer syntax: 1.2.840.10008.1.2 interleaved: 0 sign: 0 highBit: 24
 colorSpace: RGB
Dicom test. Transfer syntax: 1.2.840.10008.1.2 interleaved: 0 sign: 0 highBit: 24
 colorSpace: YBR_FULL
Dicom test. Transfer syntax: 1.2.840.10008.1.2 interleaved: 0 sign: 0 highBit: 25
 colorSpace: MONOCHROME2
Dicom test. Transfer syntax: 1.2.840.10008.1.2 interleaved: 0 sign: 0 highBit: 25
 colorSpace: RGB
Dicom test. Transfer syntax: 1.2.840.10008.1.2 interleaved: 0 sign: 0 highBit: 25
 colorSpace: YBR_FULL
Dicom test. Transfer syntax: 1.2.840.10008.1.2 interleaved: 0 sign: 0 highBit: 26
 colorSpace: MONOCHROME2
Dicom test. Transfer syntax: 1.2.840.10008.1.2 interleaved: 0 sign: 0 highBit: 26
 colorSpace: RGB
Dicom test. Transfer syntax: 1.2.840.10008.1.2 interleaved: 0 sign: 0 highBit: 26
 colorSpace: YBR_FULL
Dicom test. Transfer syntax: 1.2.840.10008.1.2 interleaved: 0 sign: 0 highBit: 27
 colorSpace: MONOCHROME2
Dicom test. Transfer syntax: 1.2.840.10008.1.2 interleaved: 0 sign: 0 highBit: 27
 colorSpace: RGB
Dicom test. Transfer syntax: 1.2.840.10008.1.2 interleaved: 0 sign: 0 highBit: 27
 colorSpace: YBR_FULL
Dicom test. Transfer syntax: 1.2.840.10008.1.2 interleaved: 0 sign: 0 highBit: 28
 colorSpace: MONOCHROME2
Dicom test. Transfer syntax: 1.2.840.10008.1.2 interleaved: 0 sign: 0 highBit: 28
 colorSpace: RGB
Dicom test. Transfer syntax: 1.2.840.10008.1.2 interleaved: 0 sign: 0 highBit: 28
 colorSpace: YBR_FULL
Dicom test. Transfer syntax: 1.2.840.10008.1.2 interleaved: 0 sign: 0 highBit: 29
 colorSpace: MONOCHROME2
Dicom test. Transfer syntax: 1.2.840.10008.1.2 interleaved: 0 sign: 0 highBit: 29
 colorSpace: RGB
Dicom test. Transfer syntax: 1.2.840.10008.1.2 interleaved: 0 sign: 0 highBit: 29
 colorSpace: YBR_FULL
Dicom test. Transfer syntax: 1.2.840.10008.1.2 interleaved: 0 sign: 0 highBit: 30
 colorSpace: MONOCHROME2
Dicom test. Transfer syntax: 1.2.840.10008.1.2 interleaved: 0 sign: 0 highBit: 30
 colorSpace: RGB
Dicom test. Transfer syntax: 1.2.840.10008.1.2 interleaved: 0 sign: 0 highBit: 30
 colorSpace: YBR_FULL
Dicom test. Transfer syntax: 1.2.840.10008.1.2 interleaved: 0 sign: 0 highBit: 31
 colorSpace: MONOCHROME2
Dicom test. Transfer syntax: 1.2.840.10008.1.2 interleaved: 0 sign: 0 highBit: 31
 colorSpace: RGB
Dicom test. Transfer syntax: 1.2.840.10008.1.2 interleaved: 0 sign: 0 highBit: 31
 colorSpace: YBR_FULL
Dicom test. Transfer syntax: 1.2.840.10008.1.2 interleaved: 0 sign: 1 highBit: 0
 colorSpace: MONOCHROME2
Dicom test. Transfer syntax: 1.2.840.10008.1.2 interleaved: 0 sign: 1 highBit: 0
 colorSpace: RGB
Dicom test. Transfer syntax: 1.2.840.10008.1.2 interleaved: 0 sign: 1 highBit: 0
 colorSpace: YBR_FULL
Dicom test. Transfer syntax: 1.2.840.10008.1.2 interleaved: 0 sign: 1 highBit: 1
 colorSpace: MONOCHROME2
Dicom test. Transfer syntax: 1.2.840.10008.1.2 interleaved: 0 sign: 1 highBit: 1
 colorSpace: RGB
Dicom test. Transfer syntax: 1.2.840.10008.1.2 interleaved: 0 sign: 1 highBit: 1
 colorSpace: YBR_FULL
Dicom test. Transfer syntax: 1.2.840.10008.1.2 interleaved: 0 sign: 1 highBit: 2
 colorSpace: MONOCHROME2
Dicom test. Transfer syntax: 1.2.840.10008.1.2 interleaved: 0 sign: 1 highBit: 2
 colorSpace: RGB
Dicom test. Transfer syntax: 1.2.840.10008.1.2 interleaved: 0 sign: 1 highBit: 2
 colorSpace: YBR_FULL
Dicom test. Transfer syntax: 1.2.840.10008.1.2 interleaved: 0 sign: 1 highBit: 3
 colorSpace: MONOCHROME2
Dicom test. Transfer syntax: 1.2.840.10008.1.2 interleaved: 0 sign: 1 highBit: 3
 colorSpace: RGB
Dicom test. Transfer syntax: 1.2.840.10008.1.2 interleaved: 0 sign: 1 highBit: 3
 colorSpace: YBR_FULL
Dicom test. Transfer syntax: 1.2.840.10008.1.2 interleaved: 0 sign: 1 highBit: 4
 colorSpace: MONOCHROME2
Dicom test. Transfer syntax: 1.2.840.10008.1.2 interleaved: 0 sign: 1 highBit: 4
 colorSpace: RGB
Dicom test. Transfer syntax: 1.2.840.10008.1.2 interleaved: 0 sign: 1 highBit: 4
 colorSpace: YBR_FULL
Dicom test. Transfer syntax: 1.2.840.10008.1.2 interleaved: 0 sign: 1 highBit: 5
 colorSpace: MONOCHROME2
Dicom test. Transfer syntax: 1.2.840.10008.1.2 interleaved: 0 sign: 1 highBit: 5
 colorSpace: RGB
Dicom test. Transfer syntax: 1.2.840.10008.1.2 interleaved: 0 sign: 1 highBit: 5
 colorSpace: YBR_FULL
Dicom test. Transfer syntax: 1.2.840.10008.1.2 interleaved: 0 sign: 1 highBit: 6
 colorSpace: MONOCHROME2
Dicom test. Transfer syntax: 1.2.840.10008.1.2 interleaved: 0 sign: 1 highBit: 6
 colorSpace: RGB
Dicom test. Transfer syntax: 1.2.840.10008.1.2 interleaved: 0 sign: 1 highBit: 6
 colorSpace: YBR_FULL
Dicom test. Transfer syntax: 1.2.840.10008.1.2 interleaved: 0 sign: 1 highBit: 7
 colorSpace: MONOCHROME2
Dicom test. Transfer syntax: 1.2.840.10008.1.2 interleaved: 0 sign: 1 highBit: 7
 colorSpace: RGB
Dicom test. Transfer syntax: 1.2.840.10008.1.2 interleaved: 0 sign: 1 highBit: 7
 colorSpace: YBR_FULL
Dicom test. Transfer syntax: 1.2.840.10008.1.2 interleaved: 0 sign: 1 highBit: 8
 colorSpace: MONOCHROME2
Dicom test. Transfer syntax: 1.2.840.10008.1.2 interleaved: 0 sign: 1 highBit: 8
 colorSpace: RGB
Dicom test. Transfer syntax: 1.2.840.10008.1.2 interleaved: 0 sign: 1 highBit: 8
 colorSpace: YBR_FULL
Dicom test. Transfer syntax: 1.2.840.10008.1.2 interleaved: 0 sign: 1 highBit: 9
 colorSpace: MONOCHROME2
Dicom test. Transfer syntax: 1.2.840.10008.1.2 interleaved: 0 sign: 1 highBit: 9
 colorSpace: RGB
Dicom test. Transfer syntax: 1.2.840.10008.1.2 interleaved: 0 sign: 1 highBit: 9
 colorSpace: YBR_FULL
Dicom test. Transfer syntax: 1.2.840.10008.1.2 interleaved: 0 sign: 1 highBit: 10
 colorSpace: MONOCHROME2
Dicom test. Transfer syntax: 1.2.840.10008.1.2 interleaved: 0 sign: 1 highBit: 10
 colorSpace: RGB
Dicom test. Transfer syntax: 1.2.840.10008.1.2 interleaved: 0 sign: 1 highBit: 10
 colorSpace: YBR_FULL
Dicom test. Transfer syntax: 1.2.840.10008.1.2 interleaved: 0 sign: 1 highBit: 11
 colorSpace: MONOCHROME2
Dicom test. Transfer syntax: 1.2.840.10008.1.2 interleaved: 0 sign: 1 highBit: 11
 colorSpace: RGB
Dicom test. Transfer syntax: 1.2.840.10008.1.2 interleaved: 0 sign: 1 highBit: 11
 colorSpace: YBR_FULL
Dicom test. Transfer syntax: 1.2.840.10008.1.2 interleaved: 0 sign: 1 highBit: 12
 colorSpace: MONOCHROME2
Dicom test. Transfer syntax: 1.2.840.10008.1.2 interleaved: 0 sign: 1 highBit: 12
 colorSpace: RGB
Dicom test. Transfer syntax: 1.2.840.10008.1.2 interleaved: 0 sign: 1 highBit: 12
 colorSpace: YBR_FULL
Dicom test. Transfer syntax: 1.2.840.10008.1.2 interleaved: 0 sign: 1 highBit: 13
 colorSpace: MONOCHROME2
Dicom test. Transfer syntax: 1.2.840.10008.1.2 interleaved: 0 sign: 1 highBit: 13
 colorSpace: RGB
Dicom test. Transfer syntax: 1.2.840.10008.1.2 interleaved: 0 sign: 1 highBit: 13
 colorSpace: YBR_FULL
Dicom test. Transfer syntax: 1.2.840.10008.1.2 interleaved: 0 sign: 1 highBit: 14
 colorSpace: MONOCHROME2
Dicom test. Transfer syntax: 1.2.840.10008.1.2 interleaved: 0 sign: 1 highBit: 14
 colorSpace: RGB
Dicom test. Transfer syntax: 1.2.840.10008.1.2 interleaved: 0 sign: 1 highBit: 14
 colorSpace: YBR_FULL
Dicom test. Transfer syntax: 1.2.840.10008.1.2 interleaved: 0 sign: 1 highBit: 15
 colorSpace: MONOCHROME2
Dicom test. Transfer syntax: 1.2.840.10008.1.2 interleaved: 0 sign: 1 highBit: 15
 colorSpace: RGB
Dicom test. Transfer syntax: 1.2.840.10008.1.2 interleaved: 0 sign: 1 highBit: 15
 colorSpace: YBR_FULL
Dicom test. Transfer syntax: 1.2.840.10008.1.2 interleaved: 0 sign: 1 highBit: 16
 colorSpace: MONOCHROME2
Dicom test. Transfer syntax: 1.2.840.10008.1.2 interleaved: 0 sign: 1 highBit: 16
 colorSpace: RGB
Dicom test. Transfer syntax: 1.2.840.10008.1.2 interleaved: 0 sign: 1 highBit: 16
 colorSpace: YBR_FULL
Dicom test. Transfer syntax: 1.2.840.10008.1.2 interleaved: 0 sign: 1 highBit: 17
 colorSpace: MONOCHROME2
Dicom test. Transfer syntax: 1.2.840.10008.1.2 interleaved: 0 sign: 1 highBit: 17
 colorSpace: RGB
Dicom test. Transfer syntax: 1.2.840.10008.1.2 interleaved: 0 sign: 1 highBit: 17
 colorSpace: YBR_FULL
Dicom test. Transfer syntax: 1.2.840.10008.1.2 interleaved: 0 sign: 1 highBit: 18
 colorSpace: MONOCHROME2
Dicom test. Transfer syntax: 1.2.840.10008.1.2 interleaved: 0 sign: 1 highBit: 18
 colorSpace: RGB
Dicom test. Transfer syntax: 1.2.840.10008.1.2 interleaved: 0 sign: 1 highBit: 18
 colorSpace: YBR_FULL
Dicom test. Transfer syntax: 1.2.840.10008.1.2 interleaved: 0 sign: 1 highBit: 19
 colorSpace: MONOCHROME2
Dicom test. Transfer syntax: 1.2.840.10008.1.2 interleaved: 0 sign: 1 highBit: 19
 colorSpace: RGB
Dicom test. Transfer syntax: 1.2.840.10008.1.2 interleaved: 0 sign: 1 highBit: 19
 colorSpace: YBR_FULL
Dicom test. Transfer syntax: 1.2.840.10008.1.2 interleaved: 0 sign: 1 highBit: 20
 colorSpace: MONOCHROME2
Dicom test. Transfer syntax: 1.2.840.10008.1.2 interleaved: 0 sign: 1 highBit: 20
 colorSpace: RGB
Dicom test. Transfer syntax: 1.2.840.10008.1.2 interleaved: 0 sign: 1 highBit: 20
 colorSpace: YBR_FULL
Dicom test. Transfer syntax: 1.2.840.10008.1.2 interleaved: 0 sign: 1 highBit: 21
 colorSpace: MONOCHROME2
Dicom test. Transfer syntax: 1.2.840.10008.1.2 interleaved: 0 sign: 1 highBit: 21
 colorSpace: RGB
Dicom test. Transfer syntax: 1.2.840.10008.1.2 interleaved: 0 sign: 1 highBit: 21
 colorSpace: YBR_FULL
Dicom test. Transfer syntax: 1.2.840.10008.1.2 interleaved: 0 sign: 1 highBit: 22
 colorSpace: MONOCHROME2
Dicom test. Transfer syntax: 1.2.840.10008.1.2 interleaved: 0 sign: 1 highBit: 22
 colorSpace: RGB
Dicom test. Transfer syntax: 1.2.840.10008.1.2 interleaved: 0 sign: 1 highBit: 22
 colorSpace: YBR_FULL
Dicom test. Transfer syntax: 1.2.840.10008.1.2 interleaved: 0 sign: 1 highBit: 23
 colorSpace: MONOCHROME2
Dicom test. Transfer syntax: 1.2.840.10008.1.2 interleaved: 0 sign: 1 highBit: 23
 colorSpace: RGB
Dicom test. Transfer syntax: 1.2.840.10008.1.2 interleaved: 0 sign: 1 highBit: 23
 colorSpace: YBR_FULL
Dicom test. Transfer syntax: 1.2.840.10008.1.2 interleaved: 0 sign: 1 highBit: 24
 colorSpace: MONOCHROME2
Dicom test. Transfer syntax: 1.2.840.10008.1.2 interleaved: 0 sign: 1 highBit: 24
 colorSpace: RGB
Dicom test. Transfer syntax: 1.2.840.10008.1.2 interleaved: 0 sign: 1 highBit: 24
 colorSpace: YBR_FULL
Dicom test. Transfer syntax: 1.2.840.10008.1.2 interleaved: 0 sign: 1 highBit: 25
 colorSpace: MONOCHROME2
Dicom test. Transfer syntax: 1.2.840.10008.1.2 interleaved: 0 sign: 1 highBit: 25
 colorSpace: RGB
Dicom test. Transfer syntax: 1.2.840.10008.1.2 interleaved: 0 sign: 1 highBit: 25
 colorSpace: YBR_FULL
Dicom test. Transfer syntax: 1.2.840.10008.1.2 interleaved: 0 sign: 1 highBit: 26
 colorSpace: MONOCHROME2
Dicom test. Transfer syntax: 1.2.840.10008.1.2 interleaved: 0 sign: 1 highBit: 26
 colorSpace: RGB
Dicom test. Transfer syntax: 1.2.840.10008.1.2 interleaved: 0 sign: 1 highBit: 26
 colorSpace: YBR_FULL
Dicom test. Transfer syntax: 1.2.840.10008.1.2 interleaved: 0 sign: 1 highBit: 27
 colorSpace: MONOCHROME2
Dicom test. Transfer syntax: 1.2.840.10008.1.2 interleaved: 0 sign: 1 highBit: 27
 colorSpace: RGB
Dicom test. Transfer syntax: 1.2.840.10008.1.2 interleaved: 0 sign: 1 highBit: 27
 colorSpace: YBR_FULL
Dicom test. Transfer syntax: 1.2.840.10008.1.2 interleaved: 0 sign: 1 highBit: 28
 colorSpace: MONOCHROME2
Dicom test. Transfer syntax: 1.2.840.10008.1.2 interleaved: 0 sign: 1 highBit: 28
 colorSpace: RGB
Dicom test. Transfer syntax: 1.2.840.10008.1.2 interleaved: 0 sign: 1 highBit: 28
 colorSpace: YBR_FULL
Dicom test. Transfer syntax: 1.2.840.10008.1.2 interleaved: 0 sign: 1 highBit: 29
 colorSpace: MONOCHROME2
Dicom test. Transfer syntax: 1.2.840.10008.1.2 interleaved: 0 sign: 1 highBit: 29
 colorSpace: RGB
Dicom test. Transfer syntax: 1.2.840.10008.1.2 interleaved: 0 sign: 1 highBit: 29
 colorSpace: YBR_FULL
Dicom test. Transfer syntax: 1.2.840.10008.1.2 interleaved: 0 sign: 1 highBit: 30
 colorSpace: MONOCHROME2
Dicom test. Transfer syntax: 1.2.840.10008.1.2 interleaved: 0 sign: 1 highBit: 30
 colorSpace: RGB
Dicom test. Transfer syntax: 1.2.840.10008.1.2 interleaved: 0 sign: 1 highBit: 30
 colorSpace: YBR_FULL
Dicom test. Transfer syntax: 1.2.840.10008.1.2 interleaved: 0 sign: 1 highBit: 31
 colorSpace: MONOCHROME2
Dicom test. Transfer syntax: 1.2.840.10008.1.2 interleaved: 0 sign: 1 highBit: 31
 colorSpace: RGB
Dicom test. Transfer syntax: 1.2.840.10008.1.2 interleaved: 0 sign: 1 highBit: 31
 colorSpace: YBR_FULL
Dicom test. Transfer syntax: 1.2.840.10008.1.2 interleaved: 1 sign: 0 highBit: 0
 colorSpace: MONOCHROME2
Dicom test. Transfer syntax: 1.2.840.10008.1.2 interleaved: 1 sign: 0 highBit: 0
 colorSpace: RGB
Dicom test. Transfer syntax: 1.2.840.10008.1.2 interleaved: 1 sign: 0 highBit: 0
 colorSpace: YBR_FULL
Dicom test. Transfer syntax: 1.2.840.10008.1.2 interleaved: 1 sign: 0 highBit: 0
 colorSpace: YBR_FULL_422
Dicom test. Transfer syntax: 1.2.840.10008.1.2 interleaved: 1 sign: 0 highBit: 0
 colorSpace: YBR_FULL_420
Dicom test. Transfer syntax: 1.2.840.10008.1.2 interleaved: 1 sign: 0 highBit: 1
 colorSpace: MONOCHROME2
Dicom test. Transfer syntax: 1.2.840.10008.1.2 interleaved: 1 sign: 0 highBit: 1
 colorSpace: RGB
Dicom test. Transfer syntax: 1.2.840.10008.1.2 interleaved: 1 sign: 0 highBit: 1
 colorSpace: YBR_FULL
Dicom test. Transfer syntax: 1.2.840.10008.1.2 interleaved: 1 sign: 0 highBit: 1
 colorSpace: YBR_FULL_422
Dicom test. Transfer syntax: 1.2.840.10008.1.2 interleaved: 1 sign: 0 highBit: 1
 colorSpace: YBR_FULL_420
Dicom test. Transfer syntax: 1.2.840.10008.1.2 interleaved: 1 sign: 0 highBit: 2
 colorSpace: MONOCHROME2
Dicom test. Transfer syntax: 1.2.840.10008.1.2 interleaved: 1 sign: 0 highBit: 2
 colorSpace: RGB
Dicom test. Transfer syntax: 1.2.840.10008.1.2 interleaved: 1 sign: 0 highBit: 2
 colorSpace: YBR_FULL
Dicom test. Transfer syntax: 1.2.840.10008.1.2 interleaved: 1 sign: 0 highBit: 2
 colorSpace: YBR_FULL_422
Dicom test. Transfer syntax: 1.2.840.10008.1.2 interleaved: 1 sign: 0 highBit: 2
 colorSpace: YBR_FULL_420
Dicom test. Transfer syntax: 1.2.840.10008.1.2 interleaved: 1 sign: 0 highBit: 3
 colorSpace: MONOCHROME2
Dicom test. Transfer syntax: 1.2.840.10008.1.2 interleaved: 1 sign: 0 highBit: 3
 colorSpace: RGB
Dicom test. Transfer syntax: 1.2.840.10008.1.2 interleaved: 1 sign: 0 highBit: 3
 colorSpace: YBR_FULL
Dicom test. Transfer syntax: 1.2.840.10008.1.2 interleaved: 1 sign: 0 highBit: 3
 colorSpace: YBR_FULL_422
Dicom test. Transfer syntax: 1.2.840.10008.1.2 interleaved: 1 sign: 0 highBit: 3
 colorSpace: YBR_FULL_420
Dicom test. Transfer syntax: 1.2.840.10008.1.2 interleaved: 1 sign: 0 highBit: 4
 colorSpace: MONOCHROME2
Dicom test. Transfer syntax: 1.2.840.10008.1.2 interleaved: 1 sign: 0 highBit: 4
 colorSpace: RGB
Dicom test. Transfer syntax: 1.2.840.10008.1.2 interleaved: 1 sign: 0 highBit: 4
 colorSpace: YBR_FULL
Dicom test. Transfer syntax: 1.2.840.10008.1.2 interleaved: 1 sign: 0 highBit: 4
 colorSpace: YBR_FULL_422
Dicom test. Transfer syntax: 1.2.840.10008.1.2 interleaved: 1 sign: 0 highBit: 4
 colorSpace: YBR_FULL_420
Dicom test. Transfer syntax: 1.2.840.10008.1.2 interleaved: 1 sign: 0 highBit: 5
 colorSpace: MONOCHROME2
Dicom test. Transfer syntax: 1.2.840.10008.1.2 interleaved: 1 sign: 0 highBit: 5
 colorSpace: RGB
Dicom test. Transfer syntax: 1.2.840.10008.1.2 interleaved: 1 sign: 0 highBit: 5
 colorSpace: YBR_FULL
Dicom test. Transfer syntax: 1.2.840.10008.1.2 interleaved: 1 sign: 0 highBit: 5
 colorSpace: YBR_FULL_422
Dicom test. Transfer syntax: 1.2.840.10008.1.2 interleaved: 1 sign: 0 highBit: 5
 colorSpace: YBR_FULL_420
Dicom test. Transfer syntax: 1.2.840.10008.1.2 interleaved: 1 sign: 0 highBit: 6
 colorSpace: MONOCHROME2
Dicom test. Transfer syntax: 1.2.840.10008.1.2 interleaved: 1 sign: 0 highBit: 6
 colorSpace: RGB
Dicom test. Transfer syntax: 1.2.840.10008.1.2 interleaved: 1 sign: 0 highBit: 6
 colorSpace: YBR_FULL
Dicom test. Transfer syntax: 1.2.840.10008.1.2 interleaved: 1 sign: 0 highBit: 6
 colorSpace: YBR_FULL_422
Dicom test. Transfer syntax: 1.2.840.10008.1.2 interleaved: 1 sign: 0 highBit: 6
 colorSpace: YBR_FULL_420
Dicom test. Transfer syntax: 1.2.840.10008.1.2 interleaved: 1 sign: 0 highBit: 7
 colorSpace: MONOCHROME2
Dicom test. Transfer syntax: 1.2.840.10008.1.2 interleaved: 1 sign: 0 highBit: 7
 colorSpace: RGB
Dicom test. Transfer syntax: 1.2.840.10008.1.2 interleaved: 1 sign: 0 highBit: 7
 colorSpace: YBR_FULL
Dicom test. Transfer syntax: 1.2.840.10008.1.2 interleaved: 1 sign: 0 highBit: 7
 colorSpace: YBR_FULL_422
Dicom test. Transfer syntax: 1.2.840.10008.1.2 interleaved: 1 sign: 0 highBit: 7
 colorSpace: YBR_FULL_420
Dicom test. Transfer syntax: 1.2.840.10008.1.2 interleaved: 1 sign: 0 highBit: 8
 colorSpace: MONOCHROME2
Dicom test. Transfer syntax: 1.2.840.10008.1.2 interleaved: 1 sign: 0 highBit: 8
 colorSpace: RGB
Dicom test. Transfer syntax: 1.2.840.10008.1.2 interleaved: 1 sign: 0 highBit: 8
 colorSpace: YBR_FULL
Dicom test. Transfer syntax: 1.2.840.10008.1.2 interleaved: 1 sign: 0 highBit: 8
 colorSpace: YBR_FULL_422
Dicom test. Transfer syntax: 1.2.840.10008.1.2 interleaved: 1 sign: 0 highBit: 8
 colorSpace: YBR_FULL_420
Dicom test. Transfer syntax: 1.2.840.10008.1.2 interleaved: 1 sign: 0 highBit: 9
 colorSpace: MONOCHROME2
Dicom test. Transfer syntax: 1.2.840.10008.1.2 interleaved: 1 sign: 0 highBit: 9
 colorSpace: RGB
Dicom test. Transfer syntax: 1.2.840.10008.1.2 interleaved: 1 sign: 0 highBit: 9
 colorSpace: YBR_FULL
Dicom test. Transfer syntax: 1.2.840.10008.1.2 interleaved: 1 sign: 0 highBit: 9
 colorSpace: YBR_FULL_422
Dicom test. Transfer syntax: 1.2.840.10008.1.2 interleaved: 1 sign: 0 highBit: 9
 colorSpace: YBR_FULL_420
Dicom test. Transfer syntax: 1.2.840.10008.1.2 interleaved: 1 sign: 0 highBit: 10
 colorSpace: MONOCHROME2
Dicom test. Transfer syntax: 1.2.840.10008.1.2 interleaved: 1 sign: 0 highBit: 10
 colorSpace: RGB
Dicom test. Transfer syntax: 1.2.840.10008.1.2 interleaved: 1 sign: 0 highBit: 10
 colorSpace: YBR_FULL
Dicom test. Transfer syntax: 1.2.840.10008.1.2 interleaved: 1 sign: 0 highBit: 10
 colorSpace: YBR_FULL_422
Dicom test. Transfer syntax: 1.2.840.10008.1.2 interleaved: 1 sign: 0 highBit: 10
 colorSpace: YBR_FULL_420
Dicom test. Transfer syntax: 1.2.840.10008.1.2 interleaved: 1 sign: 0 highBit: 11
 colorSpace: MONOCHROME2
Dicom test. Transfer syntax: 1.2.840.10008.1.2 interleaved: 1 sign: 0 highBit: 11
 colorSpace: RGB
Dicom test. Transfer syntax: 1.2.840.10008.1.2 interleaved: 1 sign: 0 highBit: 11
 colorSpace: YBR_FULL
Dicom test. Transfer syntax: 1.2.840.10008.1.2 interleaved: 1 sign: 0 highBit: 11
 colorSpace: YBR_FULL_422
Dicom test. Transfer syntax: 1.2.840.10008.1.2 interleaved: 1 sign: 0 highBit: 11
 colorSpace: YBR_FULL_420
Dicom test. Transfer syntax: 1.2.840.10008.1.2 interleaved: 1 sign: 0 highBit: 12
 colorSpace: MONOCHROME2
Dicom test. Transfer syntax: 1.2.840.10008.1.2 interleaved: 1 sign: 0 highBit: 12
 colorSpace: RGB
Dicom test. Transfer syntax: 1.2.840.10008.1.2 interleaved: 1 sign: 0 highBit: 12
 colorSpace: YBR_FULL
Dicom test. Transfer syntax: 1.2.840.10008.1.2 interleaved: 1 sign: 0 highBit: 12
 colorSpace: YBR_FULL_422
Dicom test. Transfer syntax: 1.2.840.10008.1.2 interleaved: 1 sign: 0 highBit: 12
 colorSpace: YBR_FULL_420
Dicom test. Transfer syntax: 1.2.840.10008.1.2 interleaved: 1 sign: 0 highBit: 13
 colorSpace: MONOCHROME2
Dicom test. Transfer syntax: 1.2.840.10008.1.2 interleaved: 1 sign: 0 highBit: 13
 colorSpace: RGB
Dicom test. Transfer syntax: 1.2.840.10008.1.2 interleaved: 1 sign: 0 highBit: 13
 colorSpace: YBR_FULL
Dicom test. Transfer syntax: 1.2.840.10008.1.2 interleaved: 1 sign: 0 highBit: 13
 colorSpace: YBR_FULL_422
Dicom test. Transfer syntax: 1.2.840.10008.1.2 interleaved: 1 sign: 0 highBit: 13
 colorSpace: YBR_FULL_420
Dicom test. Transfer syntax: 1.2.840.10008.1.2 interleaved: 1 sign: 0 highBit: 14
 colorSpace: MONOCHROME2
Dicom test. Transfer syntax: 1.2.840.10008.1.2 interleaved: 1 sign: 0 highBit: 14
 colorSpace: RGB
Dicom test. Transfer syntax: 1.2.840.10008.1.2 interleaved: 1 sign: 0 highBit: 14
 colorSpace: YBR_FULL
Dicom test. Transfer syntax: 1.2.840.10008.1.2 interleaved: 1 sign: 0 highBit: 14
 colorSpace: YBR_FULL_422
Dicom test. Transfer syntax: 1.2.840.10008.1.2 interleaved: 1 sign: 0 highBit: 14
 colorSpace: YBR_FULL_420
Dicom test. Transfer syntax: 1.2.840.10008.1.2 interleaved: 1 sign: 0 highBit: 15
 colorSpace: MONOCHROME2
Dicom test. Transfer syntax: 1.2.840.10008.1.2 interleaved: 1 sign: 0 highBit: 15
 colorSpace: RGB
Dicom test. Transfer syntax: 1.2.840.10008.1.2 interleaved: 1 sign: 0 highBit: 15
 colorSpace: YBR_FULL
Dicom test. Transfer syntax: 1.2.840.10008.1.2 interleaved: 1 sign: 0 highBit: 15
 colorSpace: YBR_FULL_422
Dicom test. Transfer syntax: 1.2.840.10008.1.2 interleaved: 1 sign: 0 highBit: 15
 colorSpace: YBR_FULL_420
Dicom test. Transfer syntax: 1.2.840.10008.1.2 interleaved: 1 sign: 0 highBit: 16
 colorSpace: MONOCHROME2
Dicom test. Transfer syntax: 1.2.840.10008.1.2 interleaved: 1 sign: 0 highBit: 16
 colorSpace: RGB
Dicom test. Transfer syntax: 1.2.840.10008.1.2 interleaved: 1 sign: 0 highBit: 16
 colorSpace: YBR_FULL
Dicom test. Transfer syntax: 1.2.840.10008.1.2 interleaved: 1 sign: 0 highBit: 16
 colorSpace: YBR_FULL_422
Dicom test. Transfer syntax: 1.2.840.10008.1.2 interleaved: 1 sign: 0 highBit: 16
 colorSpace: YBR_FULL_420
Dicom test. Transfer syntax: 1.2.840.10008.1.2 interleaved: 1 sign: 0 highBit: 17
 colorSpace: MONOCHROME2
Dicom test. Transfer syntax: 1.2.840.10008.1.2 interleaved: 1 sign: 0 highBit: 17
 colorSpace: RGB
Dicom test. Transfer syntax: 1.2.840.10008.1.2 interleaved: 1 sign: 0 highBit: 17
 colorSpace: YBR_FULL
Dicom test. Transfer syntax: 1.2.840.10008.1.2 interleaved: 1 sign: 0 highBit: 17
 colorSpace: YBR_FULL_422
Dicom test. Transfer syntax: 1.2.840.10008.1.2 interleaved: 1 sign: 0 highBit: 17
 colorSpace: YBR_FULL_420
Dicom test. Transfer syntax: 1.2.840.10008.1.2 interleaved: 1 sign: 0 highBit: 18
 colorSpace: MONOCHROME2
Dicom test. Transfer syntax: 1.2.840.10008.1.2 interleaved: 1 sign: 0 highBit: 18
 colorSpace: RGB
Dicom test. Transfer syntax: 1.2.840.10008.1.2 interleaved: 1 sign: 0 highBit: 18
 colorSpace: YBR_FULL
Dicom test. Transfer syntax: 1.2.840.10008.1.2 interleaved: 1 sign: 0 highBit: 18
 colorSpace: YBR_FULL_422
Dicom test. Transfer syntax: 1.2.840.10008.1.2 interleaved: 1 sign: 0 highBit: 18
 colorSpace: YBR_FULL_420
Dicom test. Transfer syntax: 1.2.840.10008.1.2 interleaved: 1 sign: 0 highBit: 19
 colorSpace: MONOCHROME2
Dicom test. Transfer syntax: 1.2.840.10008.1.2 interleaved: 1 sign: 0 highBit: 19
 colorSpace: RGB
Dicom test. Transfer syntax: 1.2.840.10008.1.2 interleaved: 1 sign: 0 highBit: 19
 colorSpace: YBR_FULL
Dicom test. Transfer syntax: 1.2.840.10008.1.2 interleaved: 1 sign: 0 highBit: 19
 colorSpace: YBR_FULL_422
Dicom test. Transfer syntax: 1.2.840.10008.1.2 interleaved: 1 sign: 0 highBit: 19
 colorSpace: YBR_FULL_420
Dicom test. Transfer syntax: 1.2.840.10008.1.2 interleaved: 1 sign: 0 highBit: 20
 colorSpace: MONOCHROME2
Dicom test. Transfer syntax: 1.2.840.10008.1.2 interleaved: 1 sign: 0 highBit: 20
 colorSpace: RGB
Dicom test. Transfer syntax: 1.2.840.10008.1.2 interleaved: 1 sign: 0 highBit: 20
 colorSpace: YBR_FULL
Dicom test. Transfer syntax: 1.2.840.10008.1.2 interleaved: 1 sign: 0 highBit: 20
 colorSpace: YBR_FULL_422
Dicom test. Transfer syntax: 1.2.840.10008.1.2 interleaved: 1 sign: 0 highBit: 20
 colorSpace: YBR_FULL_420
Dicom test. Transfer syntax: 1.2.840.10008.1.2 interleaved: 1 sign: 0 highBit: 21
 colorSpace: MONOCHROME2
Dicom test. Transfer syntax: 1.2.840.10008.1.2 interleaved: 1 sign: 0 highBit: 21
 colorSpace: RGB
Dicom test. Transfer syntax: 1.2.840.10008.1.2 interleaved: 1 sign: 0 highBit: 21
 colorSpace: YBR_FULL
Dicom test. Transfer syntax: 1.2.840.10008.1.2 interleaved: 1 sign: 0 highBit: 21
 colorSpace: YBR_FULL_422
Dicom test. Transfer syntax: 1.2.840.10008.1.2 interleaved: 1 sign: 0 highBit: 21
 colorSpace: YBR_FULL_420
Dicom test. Transfer syntax: 1.2.840.10008.1.2 interleaved: 1 sign: 0 highBit: 22
 colorSpace: MONOCHROME2
Dicom test. Transfer syntax: 1.2.840.10008.1.2 interleaved: 1 sign: 0 highBit: 22
 colorSpace: RGB
Dicom test. Transfer syntax: 1.2.840.10008.1.2 interleaved: 1 sign: 0 highBit: 22
 colorSpace: YBR_FULL
Dicom test. Transfer syntax: 1.2.840.10008.1.2 interleaved: 1 sign: 0 highBit: 22
 colorSpace: YBR_FULL_422
Dicom test. Transfer syntax: 1.2.840.10008.1.2 interleaved: 1 sign: 0 highBit: 22
 colorSpace: YBR_FULL_420
Dicom test. Transfer syntax: 1.2.840.10008.1.2 interleaved: 1 sign: 0 highBit: 23
 colorSpace: MONOCHROME2
Dicom test. Transfer syntax: 1.2.840.10008.1.2 interleaved: 1 sign: 0 highBit: 23
 colorSpace: RGB
Dicom test. Transfer syntax: 1.2.840.10008.1.2 interleaved: 1 sign: 0 highBit: 23
 colorSpace: YBR_FULL
Dicom test. Transfer syntax: 1.2.840.10008.1.2 interleaved: 1 sign: 0 highBit: 23
 colorSpace: YBR_FULL_422
Dicom test. Transfer syntax: 1.2.840.10008.1.2 interleaved: 1 sign: 0 highBit: 23
 colorSpace: YBR_FULL_420
Dicom test. Transfer syntax: 1.2.840.10008.1.2 interleaved: 1 sign: 0 highBit: 24
 colorSpace: MONOCHROME2
Dicom test. Transfer syntax: 1.2.840.10008.1.2 interleaved: 1 sign: 0 highBit: 24
 colorSpace: RGB
Dicom test. Transfer syntax: 1.2.840.10008.1.2 interleaved: 1 sign: 0 highBit: 24
 colorSpace: YBR_FULL
Dicom test. Transfer syntax: 1.2.840.10008.1.2 interleaved: 1 sign: 0 highBit: 24
 colorSpace: YBR_FULL_422
Dicom test. Transfer syntax: 1.2.840.10008.1.2 interleaved: 1 sign: 0 highBit: 24
 colorSpace: YBR_FULL_420
Dicom test. Transfer syntax: 1.2.840.10008.1.2 interleaved: 1 sign: 0 highBit: 25
 colorSpace: MONOCHROME2
Dicom test. Transfer syntax: 1.2.840.10008.1.2 interleaved: 1 sign: 0 highBit: 25
 colorSpace: RGB
Dicom test. Transfer syntax: 1.2.840.10008.1.2 interleaved: 1 sign: 0 highBit: 25
 colorSpace: YBR_FULL
Dicom test. Transfer syntax: 1.2.840.10008.1.2 interleaved: 1 sign: 0 highBit: 26
 colorSpace: MONOCHROME2
Dicom test. Transfer syntax: 1.2.840.10008.1.2 interleaved: 1 sign: 0 highBit: 26
 colorSpace: RGB
Dicom test. Transfer syntax: 1.2.840.10008.1.2 interleaved: 1 sign: 0 highBit: 26
 colorSpace: YBR_FULL
Dicom test. Transfer syntax: 1.2.840.10008.1.2 interleaved: 1 sign: 0 highBit: 27
 colorSpace: MONOCHROME2
Dicom test. Transfer syntax: 1.2.840.10008.1.2 interleaved: 1 sign: 0 highBit: 27
 colorSpace: RGB
Dicom test. Transfer syntax: 1.2.840.10008.1.2 interleaved: 1 sign: 0 highBit: 27
 colorSpace: YBR_FULL
Dicom test. Transfer syntax: 1.2.840.10008.1.2 interleaved: 1 sign: 0 highBit: 28
 colorSpace: MONOCHROME2
Dicom test. Transfer syntax: 1.2.840.10008.1.2 interleaved: 1 sign: 0 highBit: 28
 colorSpace: RGB
Dicom test. Transfer syntax: 1.2.840.10008.1.2 interleaved: 1 sign: 0 highBit: 28
 colorSpace: YBR_FULL
Dicom test. Transfer syntax: 1.2.840.10008.1.2 interleaved: 1 sign: 0 highBit: 29
 colorSpace: MONOCHROME2
Dicom test. Transfer syntax: 1.2.840.10008.1.2 interleaved: 1 sign: 0 highBit: 29
 colorSpace: RGB
Dicom test. Transfer syntax: 1.2.840.10008.1.2 interleaved: 1 sign: 0 highBit: 29
 colorSpace: YBR_FULL
Dicom test. Transfer syntax: 1.2.840.10008.1.2 interleaved: 1 sign: 0 highBit: 30
 colorSpace: MONOCHROME2
Dicom test. Transfer syntax: 1.2.840.10008.1.2 interleaved: 1 sign: 0 highBit: 30
 colorSpace: RGB
Dicom test. Transfer syntax: 1.2.840.10008.1.2 interleaved: 1 sign: 0 highBit: 30
 colorSpace: YBR_FULL
Dicom test. Transfer syntax: 1.2.840.10008.1.2 interleaved: 1 sign: 0 highBit: 31
 colorSpace: MONOCHROME2
Dicom test. Transfer syntax: 1.2.840.10008.1.2 interleaved: 1 sign: 0 highBit: 31
 colorSpace: RGB
Dicom test. Transfer syntax: 1.2.840.10008.1.2 interleaved: 1 sign: 0 highBit: 31
 colorSpace: YBR_FULL
Dicom test. Transfer syntax: 1.2.840.10008.1.2 interleaved: 1 sign: 1 highBit: 0
 colorSpace: MONOCHROME2
Dicom test. Transfer syntax: 1.2.840.10008.1.2 interleaved: 1 sign: 1 highBit: 0
 colorSpace: RGB
Dicom test. Transfer syntax: 1.2.840.10008.1.2 interleaved: 1 sign: 1 highBit: 0
 colorSpace: YBR_FULL
Dicom test. Transfer syntax: 1.2.840.10008.1.2 interleaved: 1 sign: 1 highBit: 0
 colorSpace: YBR_FULL_422
Dicom test. Transfer syntax: 1.2.840.10008.1.2 interleaved: 1 sign: 1 highBit: 0
 colorSpace: YBR_FULL_420
Dicom test. Transfer syntax: 1.2.840.10008.1.2 interleaved: 1 sign: 1 highBit: 1
 colorSpace: MONOCHROME2
Dicom test. Transfer syntax: 1.2.840.10008.1.2 interleaved: 1 sign: 1 highBit: 1
 colorSpace: RGB
Dicom test. Transfer syntax: 1.2.840.10008.1.2 interleaved: 1 sign: 1 highBit: 1
 colorSpace: YBR_FULL
Dicom test. Transfer syntax: 1.2.840.10008.1.2 interleaved: 1 sign: 1 highBit: 1
 colorSpace: YBR_FULL_422
Dicom test. Transfer syntax: 1.2.840.10008.1.2 interleaved: 1 sign: 1 highBit: 1
 colorSpace: YBR_FULL_420
Dicom test. Transfer syntax: 1.2.840.10008.1.2 interleaved: 1 sign: 1 highBit: 2
 colorSpace: MONOCHROME2
Dicom test. Transfer syntax: 1.2.840.10008.1.2 interleaved: 1 sign: 1 highBit: 2
 colorSpace: RGB
Dicom test. Transfer syntax: 1.2.840.10008.1.2 interleaved: 1 sign: 1 highBit: 2
 colorSpace: YBR_FULL
Dicom test. Transfer syntax: 1.2.840.10008.1.2 interleaved: 1 sign: 1 highBit: 2
 colorSpace: YBR_FULL_422
Dicom test. Transfer syntax: 1.2.840.10008.1.2 interleaved: 1 sign: 1 highBit: 2
 colorSpace: YBR_FULL_420
Dicom test. Transfer syntax: 1.2.840.10008.1.2 interleaved: 1 sign: 1 highBit: 3
 colorSpace: MONOCHROME2
Dicom test. Transfer syntax: 1.2.840.10008.1.2 interleaved: 1 sign: 1 highBit: 3
 colorSpace: RGB
Dicom test. Transfer syntax: 1.2.840.10008.1.2 interleaved: 1 sign: 1 highBit: 3
 colorSpace: YBR_FULL
Dicom test. Transfer syntax: 1.2.840.10008.1.2 interleaved: 1 sign: 1 highBit: 3
 colorSpace: YBR_FULL_422
Dicom test. Transfer syntax: 1.2.840.10008.1.2 interleaved: 1 sign: 1 highBit: 3
 colorSpace: YBR_FULL_420
Dicom test. Transfer syntax: 1.2.840.10008.1.2 interleaved: 1 sign: 1 highBit: 4
 colorSpace: MONOCHROME2
Dicom test. Transfer syntax: 1.2.840.10008.1.2 interleaved: 1 sign: 1 highBit: 4
 colorSpace: RGB
Dicom test. Transfer syntax: 1.2.840.10008.1.2 interleaved: 1 sign: 1 highBit: 4
 colorSpace: YBR_FULL
Dicom test. Transfer syntax: 1.2.840.10008.1.2 interleaved: 1 sign: 1 highBit: 4
 colorSpace: YBR_FULL_422
Dicom test. Transfer syntax: 1.2.840.10008.1.2 interleaved: 1 sign: 1 highBit: 4
 colorSpace: YBR_FULL_420
Dicom test. Transfer syntax: 1.2.840.10008.1.2 interleaved: 1 sign: 1 highBit: 5
 colorSpace: MONOCHROME2
Dicom test. Transfer syntax: 1.2.840.10008.1.2 interleaved: 1 sign: 1 highBit: 5
 colorSpace: RGB
Dicom test. Transfer syntax: 1.2.840.10008.1.2 interleaved: 1 sign: 1 highBit: 5
 colorSpace: YBR_FULL
Dicom test. Transfer syntax: 1.2.840.10008.1.2 interleaved: 1 sign: 1 highBit: 5
 colorSpace: YBR_FULL_422
Dicom test. Transfer syntax: 1.2.840.10008.1.2 interleaved: 1 sign: 1 highBit: 5
 colorSpace: YBR_FULL_420
Dicom test. Transfer syntax: 1.2.840.10008.1.2 interleaved: 1 sign: 1 highBit: 6
 colorSpace: MONOCHROME2
Dicom test. Transfer syntax: 1.2.840.10008.1.2 interleaved: 1 sign: 1 highBit: 6
 colorSpace: RGB
Dicom test. Transfer syntax: 1.2.840.10008.1.2 interleaved: 1 sign: 1 highBit: 6
 colorSpace: YBR_FULL
Dicom test. Transfer syntax: 1.2.840.10008.1.2 interleaved: 1 sign: 1 highBit: 6
 colorSpace: YBR_FULL_422
Dicom test. Transfer syntax: 1.2.840.10008.1.2 interleaved: 1 sign: 1 highBit: 6
 colorSpace: YBR_FULL_420
Dicom test. Transfer syntax: 1.2.840.10008.1.2 interleaved: 1 sign: 1 highBit: 7
 colorSpace: MONOCHROME2
Dicom test. Transfer syntax: 1.2.840.10008.1.2 interleaved: 1 sign: 1 highBit: 7
 colorSpace: RGB
Dicom test. Transfer syntax: 1.2.840.10008.1.2 interleaved: 1 sign: 1 highBit: 7
 colorSpace: YBR_FULL
Dicom test. Transfer syntax: 1.2.840.10008.1.2 interleaved: 1 sign: 1 highBit: 7
 colorSpace: YBR_FULL_422
Dicom test. Transfer syntax: 1.2.840.10008.1.2 interleaved: 1 sign: 1 highBit: 7
 colorSpace: YBR_FULL_420
Dicom test. Transfer syntax: 1.2.840.10008.1.2 interleaved: 1 sign: 1 highBit: 8
 colorSpace: MONOCHROME2
Dicom test. Transfer syntax: 1.2.840.10008.1.2 interleaved: 1 sign: 1 highBit: 8
 colorSpace: RGB
Dicom test. Transfer syntax: 1.2.840.10008.1.2 interleaved: 1 sign: 1 highBit: 8
 colorSpace: YBR_FULL
Dicom test. Transfer syntax: 1.2.840.10008.1.2 interleaved: 1 sign: 1 highBit: 8
 colorSpace: YBR_FULL_422
Dicom test. Transfer syntax: 1.2.840.10008.1.2 interleaved: 1 sign: 1 highBit: 8
 colorSpace: YBR_FULL_420
Dicom test. Transfer syntax: 1.2.840.10008.1.2 interleaved: 1 sign: 1 highBit: 9
 colorSpace: MONOCHROME2
Dicom test. Transfer syntax: 1.2.840.10008.1.2 interleaved: 1 sign: 1 highBit: 9
 colorSpace: RGB
Dicom test. Transfer syntax: 1.2.840.10008.1.2 interleaved: 1 sign: 1 highBit: 9
 colorSpace: YBR_FULL
Dicom test. Transfer syntax: 1.2.840.10008.1.2 interleaved: 1 sign: 1 highBit: 9
 colorSpace: YBR_FULL_422
Dicom test. Transfer syntax: 1.2.840.10008.1.2 interleaved: 1 sign: 1 highBit: 9
 colorSpace: YBR_FULL_420
Dicom test. Transfer syntax: 1.2.840.10008.1.2 interleaved: 1 sign: 1 highBit: 10
 colorSpace: MONOCHROME2
Dicom test. Transfer syntax: 1.2.840.10008.1.2 interleaved: 1 sign: 1 highBit: 10
 colorSpace: RGB
Dicom test. Transfer syntax: 1.2.840.10008.1.2 interleaved: 1 sign: 1 highBit: 10
 colorSpace: YBR_FULL
Dicom test. Transfer syntax: 1.2.840.10008.1.2 interleaved: 1 sign: 1 highBit: 10
 colorSpace: YBR_FULL_422
Dicom test. Transfer syntax: 1.2.840.10008.1.2 interleaved: 1 sign: 1 highBit: 10
 colorSpace: YBR_FULL_420
Dicom test. Transfer syntax: 1.2.840.10008.1.2 interleaved: 1 sign: 1 highBit: 11
 colorSpace: MONOCHROME2
Dicom test. Transfer syntax: 1.2.840.10008.1.2 interleaved: 1 sign: 1 highBit: 11
 colorSpace: RGB
Dicom test. Transfer syntax: 1.2.840.10008.1.2 interleaved: 1 sign: 1 highBit: 11
 colorSpace: YBR_FULL
Dicom test. Transfer syntax: 1.2.840.10008.1.2 interleaved: 1 sign: 1 highBit: 11
 colorSpace: YBR_FULL_422
Dicom test. Transfer syntax: 1.2.840.10008.1.2 interleaved: 1 sign: 1 highBit: 11
 colorSpace: YBR_FULL_420
Dicom test. Transfer syntax: 1.2.840.10008.1.2 interleaved: 1 sign: 1 highBit: 12
 colorSpace: MONOCHROME2
Dicom test. Transfer syntax: 1.2.840.10008.1.2 interleaved: 1 sign: 1 highBit: 12
 colorSpace: RGB
Dicom test. Transfer syntax: 1.2.840.10008.1.2 interleaved: 1 sign: 1 highBit: 12
 colorSpace: YBR_FULL
Dicom test. Transfer syntax: 1.2.840.10008.1.2 interleaved: 1 sign: 1 highBit: 12
 colorSpace: YBR_FULL_422
Dicom test. Transfer syntax: 1.2.840.10008.1.2 interleaved: 1 sign: 1 highBit: 12
 colorSpace: YBR_FULL_420
Dicom test. Transfer syntax: 1.2.840.10008.1.2 interleaved: 1 sign: 1 highBit: 13
 colorSpace: MONOCHROME2
Dicom test. Transfer syntax: 1.2.840.10008.1.2 interleaved: 1 sign: 1 highBit: 13
 colorSpace: RGB
Dicom test. Transfer syntax: 1.2.840.10008.1.2 interleaved: 1 sign: 1 highBit: 13
 colorSpace: YBR_FULL
Dicom test. Transfer syntax: 1.2.840.10008.1.2 interleaved: 1 sign: 1 highBit: 13
 colorSpace: YBR_FULL_422
Dicom test. Transfer syntax: 1.2.840.10008.1.2 interleaved: 1 sign: 1 highBit: 13
 colorSpace: YBR_FULL_420
Dicom test. Transfer syntax: 1.2.840.10008.1.2 interleaved: 1 sign: 1 highBit: 14
 colorSpace: MONOCHROME2
Dicom test. Transfer syntax: 1.2.840.10008.1.2 interleaved: 1 sign: 1 highBit: 14
 colorSpace: RGB
Dicom test. Transfer syntax: 1.2.840.10008.1.2 interleaved: 1 sign: 1 highBit: 14
 colorSpace: YBR_FULL
Dicom test. Transfer syntax: 1.2.840.10008.1.2 interleaved: 1 sign: 1 highBit: 14
 colorSpace: YBR_FULL_422
Dicom test. Transfer syntax: 1.2.840.10008.1.2 interleaved: 1 sign: 1 highBit: 14
 colorSpace: YBR_FULL_420
Dicom test. Transfer syntax: 1.2.840.10008.1.2 interleaved: 1 sign: 1 highBit: 15
 colorSpace: MONOCHROME2
Dicom test. Transfer syntax: 1.2.840.10008.1.2 interleaved: 1 sign: 1 highBit: 15
 colorSpace: RGB
Dicom test. Transfer syntax: 1.2.840.10008.1.2 interleaved: 1 sign: 1 highBit: 15
 colorSpace: YBR_FULL
Dicom test. Transfer syntax: 1.2.840.10008.1.2 interleaved: 1 sign: 1 highBit: 15
 colorSpace: YBR_FULL_422
Dicom test. Transfer syntax: 1.2.840.10008.1.2 interleaved: 1 sign: 1 highBit: 15
 colorSpace: YBR_FULL_420
Dicom test. Transfer syntax: 1.2.840.10008.1.2 interleaved: 1 sign: 1 highBit: 16
 colorSpace: MONOCHROME2
Dicom test. Transfer syntax: 1.2.840.10008.1.2 interleaved: 1 sign: 1 highBit: 16
 colorSpace: RGB
Dicom test. Transfer syntax: 1.2.840.10008.1.2 interleaved: 1 sign: 1 highBit: 16
 colorSpace: YBR_FULL
Dicom test. Transfer syntax: 1.2.840.10008.1.2 interleaved: 1 sign: 1 highBit: 16
 colorSpace: YBR_FULL_422
Dicom test. Transfer syntax: 1.2.840.10008.1.2 interleaved: 1 sign: 1 highBit: 16
 colorSpace: YBR_FULL_420
Dicom test. Transfer syntax: 1.2.840.10008.1.2 interleaved: 1 sign: 1 highBit: 17
 colorSpace: MONOCHROME2
Dicom test. Transfer syntax: 1.2.840.10008.1.2 interleaved: 1 sign: 1 highBit: 17
 colorSpace: RGB
Dicom test. Transfer syntax: 1.2.840.10008.1.2 interleaved: 1 sign: 1 highBit: 17
 colorSpace: YBR_FULL
Dicom test. Transfer syntax: 1.2.840.10008.1.2 interleaved: 1 sign: 1 highBit: 17
 colorSpace: YBR_FULL_422
Dicom test. Transfer syntax: 1.2.840.10008.1.2 interleaved: 1 sign: 1 highBit: 17
 colorSpace: YBR_FULL_420
Dicom test. Transfer syntax: 1.2.840.10008.1.2 interleaved: 1 sign: 1 highBit: 18
 colorSpace: MONOCHROME2
Dicom test. Transfer syntax: 1.2.840.10008.1.2 interleaved: 1 sign: 1 highBit: 18
 colorSpace: RGB
Dicom test. Transfer syntax: 1.2.840.10008.1.2 interleaved: 1 sign: 1 highBit: 18
 colorSpace: YBR_FULL
Dicom test. Transfer syntax: 1.2.840.10008.1.2 interleaved: 1 sign: 1 highBit: 18
 colorSpace: YBR_FULL_422
Dicom test. Transfer syntax: 1.2.840.10008.1.2 interleaved: 1 sign: 1 highBit: 18
 colorSpace: YBR_FULL_420
Dicom test. Transfer syntax: 1.2.840.10008.1.2 interleaved: 1 sign: 1 highBit: 19
 colorSpace: MONOCHROME2
Dicom test. Transfer syntax: 1.2.840.10008.1.2 interleaved: 1 sign: 1 highBit: 19
 colorSpace: RGB
Dicom test. Transfer syntax: 1.2.840.10008.1.2 interleaved: 1 sign: 1 highBit: 19
 colorSpace: YBR_FULL
Dicom test. Transfer syntax: 1.2.840.10008.1.2 interleaved: 1 sign: 1 highBit: 19
 colorSpace: YBR_FULL_422
Dicom test. Transfer syntax: 1.2.840.10008.1.2 interleaved: 1 sign: 1 highBit: 19
 colorSpace: YBR_FULL_420
Dicom test. Transfer syntax: 1.2.840.10008.1.2 interleaved: 1 sign: 1 highBit: 20
 colorSpace: MONOCHROME2
Dicom test. Transfer syntax: 1.2.840.10008.1.2 interleaved: 1 sign: 1 highBit: 20
 colorSpace: RGB
Dicom test. Transfer syntax: 1.2.840.10008.1.2 interleaved: 1 sign: 1 highBit: 20
 colorSpace: YBR_FULL
Dicom test. Transfer syntax: 1.2.840.10008.1.2 interleaved: 1 sign: 1 highBit: 20
 colorSpace: YBR_FULL_422
Dicom test. Transfer syntax: 1.2.840.10008.1.2 interleaved: 1 sign: 1 highBit: 20
 colorSpace: YBR_FULL_420
Dicom test. Transfer syntax: 1.2.840.10008.1.2 interleaved: 1 sign: 1 highBit: 21
 colorSpace: MONOCHROME2
Dicom test. Transfer syntax: 1.2.840.10008.1.2 interleaved: 1 sign: 1 highBit: 21
 colorSpace: RGB
Dicom test. Transfer syntax: 1.2.840.10008.1.2 interleaved: 1 sign: 1 highBit: 21
 colorSpace: YBR_FULL
Dicom test. Transfer syntax: 1.2.840.10008.1.2 interleaved: 1 sign: 1 highBit: 21
 colorSpace: YBR_FULL_422
Dicom test. Transfer syntax: 1.2.840.10008.1.2 interleaved: 1 sign: 1 highBit: 21
 colorSpace: YBR_FULL_420
Dicom test. Transfer syntax: 1.2.840.10008.1.2 interleaved: 1 sign: 1 highBit: 22
 colorSpace: MONOCHROME2
Dicom test. Transfer syntax: 1.2.840.10008.1.2 interleaved: 1 sign: 1 highBit: 22
 colorSpace: RGB
Dicom test. Transfer syntax: 1.2.840.10008.1.2 interleaved: 1 sign: 1 highBit: 22
 colorSpace: YBR_FULL
Dicom test. Transfer syntax: 1.2.840.10008.1.2 interleaved: 1 sign: 1 highBit: 22
 colorSpace: YBR_FULL_422
Dicom test. Transfer syntax: 1.2.840.10008.1.2 interleaved: 1 sign: 1 highBit: 22
 colorSpace: YBR_FULL_420
Dicom test. Transfer syntax: 1.2.840.10008.1.2 interleaved: 1 sign: 1 highBit: 23
 colorSpace: MONOCHROME2
Dicom test. Transfer syntax: 1.2.840.10008.1.2 interleaved: 1 sign: 1 highBit: 23
 colorSpace: RGB
Dicom test. Transfer syntax: 1.2.840.10008.1.2 interleaved: 1 sign: 1 highBit: 23
 colorSpace: YBR_FULL
Dicom test. Transfer syntax: 1.2.840.10008.1.2 interleaved: 1 sign: 1 highBit: 23
 colorSpace: YBR_FULL_422
Dicom test. Transfer syntax: 1.2.840.10008.1.2 interleaved: 1 sign: 1 highBit: 23
 colorSpace: YBR_FULL_420
Dicom test. Transfer syntax: 1.2.840.10008.1.2 interleaved: 1 sign: 1 highBit: 24
 colorSpace: MONOCHROME2
Dicom test. Transfer syntax: 1.2.840.10008.1.2 interleaved: 1 sign: 1 highBit: 24
 colorSpace: RGB
Dicom test. Transfer syntax: 1.2.840.10008.1.2 interleaved: 1 sign: 1 highBit: 24
 colorSpace: YBR_FULL
Dicom test. Transfer syntax: 1.2.840.10008.1.2 interleaved: 1 sign: 1 highBit: 24
 colorSpace: YBR_FULL_422
Dicom test. Transfer syntax: 1.2.840.10008.1.2 interleaved: 1 sign: 1 highBit: 24
 colorSpace: YBR_FULL_420
Dicom test. Transfer syntax: 1.2.840.10008.1.2 interleaved: 1 sign: 1 highBit: 25
 colorSpace: MONOCHROME2
Dicom test. Transfer syntax: 1.2.840.10008.1.2 interleaved: 1 sign: 1 highBit: 25
 colorSpace: RGB
Dicom test. Transfer syntax: 1.2.840.10008.1.2 interleaved: 1 sign: 1 highBit: 25
 colorSpace: YBR_FULL
Dicom test. Transfer syntax: 1.2.840.10008.1.2 interleaved: 1 sign: 1 highBit: 26
 colorSpace: MONOCHROME2
Dicom test. Transfer syntax: 1.2.840.10008.1.2 interleaved: 1 sign: 1 highBit: 26
 colorSpace: RGB
Dicom test. Transfer syntax: 1.2.840.10008.1.2 interleaved: 1 sign: 1 highBit: 26
 colorSpace: YBR_FULL
Dicom test. Transfer syntax: 1.2.840.10008.1.2 interleaved: 1 sign: 1 highBit: 27
 colorSpace: MONOCHROME2
Dicom test. Transfer syntax: 1.2.840.10008.1.2 interleaved: 1 sign: 1 highBit: 27
 colorSpace: RGB
Dicom test. Transfer syntax: 1.2.840.10008.1.2 interleaved: 1 sign: 1 highBit: 27
 colorSpace: YBR_FULL
Dicom test. Transfer syntax: 1.2.840.10008.1.2 interleaved: 1 sign: 1 highBit: 28
 colorSpace: MONOCHROME2
Dicom test. Transfer syntax: 1.2.840.10008.1.2 interleaved: 1 sign: 1 highBit: 28
 colorSpace: RGB
Dicom test. Transfer syntax: 1.2.840.10008.1.2 interleaved: 1 sign: 1 highBit: 28
 colorSpace: YBR_FULL
Dicom test. Transfer syntax: 1.2.840.10008.1.2 interleaved: 1 sign: 1 highBit: 29
 colorSpace: MONOCHROME2
Dicom test. Transfer syntax: 1.2.840.10008.1.2 interleaved: 1 sign: 1 highBit: 29
 colorSpace: RGB
Dicom test. Transfer syntax: 1.2.840.10008.1.2 interleaved: 1 sign: 1 highBit: 29
 colorSpace: YBR_FULL
Dicom test. Transfer syntax: 1.2.840.10008.1.2 interleaved: 1 sign: 1 highBit: 30
 colorSpace: MONOCHROME2
Dicom test. Transfer syntax: 1.2.840.10008.1.2 interleaved: 1 sign: 1 highBit: 30
 colorSpace: RGB
Dicom test. Transfer syntax: 1.2.840.10008.1.2 interleaved: 1 sign: 1 highBit: 30
 colorSpace: YBR_FULL
Dicom test. Transfer syntax: 1.2.840.10008.1.2 interleaved: 1 sign: 1 highBit: 31
 colorSpace: MONOCHROME2
Dicom test. Transfer syntax: 1.2.840.10008.1.2 interleaved: 1 sign: 1 highBit: 31
 colorSpace: RGB
Dicom test. Transfer syntax: 1.2.840.10008.1.2 interleaved: 1 sign: 1 highBit: 31
 colorSpace: YBR_FULL
Dicom test. Transfer syntax: 1.2.840.10008.1.2.1 interleaved: 0 sign: 0 highBit: 0
 colorSpace: MONOCHROME2
Dicom test. Transfer syntax: 1.2.840.10008.1.2.1 interleaved: 0 sign: 0 highBit: 0
 colorSpace: RGB
Dicom test. Transfer syntax: 1.2.840.10008.1.2.1 interleaved: 0 sign: 0 highBit: 0
 colorSpace: YBR_FULL
Dicom test. Transfer syntax: 1.2.840.10008.1.2.1 interleaved: 0 sign: 0 highBit: 1
 colorSpace: MONOCHROME2
Dicom test. Transfer syntax: 1.2.840.10008.1.2.1 interleaved: 0 sign: 0 highBit: 1
 colorSpace: RGB
Dicom test. Transfer syntax: 1.2.840.10008.1.2.1 interleaved: 0 sign: 0 highBit: 1
 colorSpace: YBR_FULL
Dicom test. Transfer syntax: 1.2.840.10008.1.2.1 interleaved: 0 sign: 0 highBit: 2
 colorSpace: MONOCHROME2
Dicom test. Transfer syntax: 1.2.840.10008.1.2.1 interleaved: 0 sign: 0 highBit: 2
 colorSpace: RGB
Dicom test. Transfer syntax: 1.2.840.10008.1.2.1 interleaved: 0 sign: 0 highBit: 2
 colorSpace: YBR_FULL
Dicom test. Transfer syntax: 1.2.840.10008.1.2.1 interleaved: 0 sign: 0 highBit: 3
 colorSpace: MONOCHROME2
Dicom test. Transfer syntax: 1.2.840.10008.1.2.1 interleaved: 0 sign: 0 highBit: 3
 colorSpace: RGB
Dicom test. Transfer syntax: 1.2.840.10008.1.2.1 interleaved: 0 sign: 0 highBit: 3
 colorSpace: YBR_FULL
Dicom test. Transfer syntax: 1.2.840.10008.1.2.1 interleaved: 0 sign: 0 highBit: 4
 colorSpace: MONOCHROME2
Dicom test. Transfer syntax: 1.2.840.10008.1.2.1 interleaved: 0 sign: 0 highBit: 4
 colorSpace: RGB
Dicom test. Transfer syntax: 1.2.840.10008.1.2.1 interleaved: 0 sign: 0 highBit: 4
 colorSpace: YBR_FULL
Dicom test. Transfer syntax: 1.2.840.10008.1.2.1 interleaved: 0 sign: 0 highBit: 5
 colorSpace: MONOCHROME2
Dicom test. Transfer syntax: 1.2.840.10008.1.2.1 interleaved: 0 sign: 0 highBit: 5
 colorSpace: RGB
Dicom test. Transfer syntax: 1.2.840.10008.1.2.1 interleaved: 0 sign: 0 highBit: 5
 colorSpace: YBR_FULL
Dicom test. Transfer syntax: 1.2.840.10008.1.2.1 interleaved: 0 sign: 0 highBit: 6
 colorSpace: MONOCHROME2
Dicom test. Transfer syntax: 1.2.840.10008.1.2.1 interleaved: 0 sign: 0 highBit: 6
 colorSpace: RGB
Dicom test. Transfer syntax: 1.2.840.10008.1.2.1 interleaved: 0 sign: 0 highBit: 6
 colorSpace: YBR_FULL
Dicom test. Transfer syntax: 1.2.840.10008.1.2.1 interleaved: 0 sign: 0 highBit: 7
 colorSpace: MONOCHROME2
Dicom test. Transfer syntax: 1.2.840.10008.1.2.1 interleaved: 0 sign: 0 highBit: 7
 colorSpace: RGB
Dicom test. Transfer syntax: 1.2.840.10008.1.2.1 interleaved: 0 sign: 0 highBit: 7
 colorSpace: YBR_FULL
Dicom test. Transfer syntax: 1.2.840.10008.1.2.1 interleaved: 0 sign: 0 highBit: 8
 colorSpace: MONOCHROME2
Dicom test. Transfer syntax: 1.2.840.10008.1.2.1 interleaved: 0 sign: 0 highBit: 8
 colorSpace: RGB
Dicom test. Transfer syntax: 1.2.840.10008.1.2.1 interleaved: 0 sign: 0 highBit: 8
 colorSpace: YBR_FULL
Dicom test. Transfer syntax: 1.2.840.10008.1.2.1 interleaved: 0 sign: 0 highBit: 9
 colorSpace: MONOCHROME2
Dicom test. Transfer syntax: 1.2.840.10008.1.2.1 interleaved: 0 sign: 0 highBit: 9
 colorSpace: RGB
Dicom test. Transfer syntax: 1.2.840.10008.1.2.1 interleaved: 0 sign: 0 highBit: 9
 colorSpace: YBR_FULL
Dicom test. Transfer syntax: 1.2.840.10008.1.2.1 interleaved: 0 sign: 0 highBit: 10
 colorSpace: MONOCHROME2
Dicom test. Transfer syntax: 1.2.840.10008.1.2.1 interleaved: 0 sign: 0 highBit: 10
 colorSpace: RGB
Dicom test. Transfer syntax: 1.2.840.10008.1.2.1 interleaved: 0 sign: 0 highBit: 10
 colorSpace: YBR_FULL
Dicom test. Transfer syntax: 1.2.840.10008.1.2.1 interleaved: 0 sign: 0 highBit: 11
 colorSpace: MONOCHROME2
Dicom test. Transfer syntax: 1.2.840.10008.1.2.1 interleaved: 0 sign: 0 highBit: 11
 colorSpace: RGB
Dicom test. Transfer syntax: 1.2.840.10008.1.2.1 interleaved: 0 sign: 0 highBit: 11
 colorSpace: YBR_FULL
Dicom test. Transfer syntax: 1.2.840.10008.1.2.1 interleaved: 0 sign: 0 highBit: 12
 colorSpace: MONOCHROME2
Dicom test. Transfer syntax: 1.2.840.10008.1.2.1 interleaved: 0 sign: 0 highBit: 12
 colorSpace: RGB
Dicom test. Transfer syntax: 1.2.840.10008.1.2.1 interleaved: 0 sign: 0 highBit: 12
 colorSpace: YBR_FULL
Dicom test. Transfer syntax: 1.2.840.10008.1.2.1 interleaved: 0 sign: 0 highBit: 13
 colorSpace: MONOCHROME2
Dicom test. Transfer syntax: 1.2.840.10008.1.2.1 interleaved: 0 sign: 0 highBit: 13
 colorSpace: RGB
Dicom test. Transfer syntax: 1.2.840.10008.1.2.1 interleaved: 0 sign: 0 highBit: 13
 colorSpace: YBR_FULL
Dicom test. Transfer syntax: 1.2.840.10008.1.2.1 interleaved: 0 sign: 0 highBit: 14
 colorSpace: MONOCHROME2
Dicom test. Transfer syntax: 1.2.840.10008.1.2.1 interleaved: 0 sign: 0 highBit: 14
 colorSpace: RGB
Dicom test. Transfer syntax: 1.2.840.10008.1.2.1 interleaved: 0 sign: 0 highBit: 14
 colorSpace: YBR_FULL
Dicom test. Transfer syntax: 1.2.840.10008.1.2.1 interleaved: 0 sign: 0 highBit: 15
 colorSpace: MONOCHROME2
Dicom test. Transfer syntax: 1.2.840.10008.1.2.1 interleaved: 0 sign: 0 highBit: 15
 colorSpace: RGB
Dicom test. Transfer syntax: 1.2.840.10008.1.2.1 interleaved: 0 sign: 0 highBit: 15
 colorSpace: YBR_FULL
Dicom test. Transfer syntax: 1.2.840.10008.1.2.1 interleaved: 0 sign: 0 highBit: 16
 colorSpace: MONOCHROME2
Dicom test. Transfer syntax: 1.2.840.10008.1.2.1 interleaved: 0 sign: 0 highBit: 16
 colorSpace: RGB
Dicom test. Transfer syntax: 1.2.840.10008.1.2.1 interleaved: 0 sign: 0 highBit: 16
 colorSpace: YBR_FULL
Dicom test. Transfer syntax: 1.2.840.10008.1.2.1 interleaved: 0 sign: 0 highBit: 17
 colorSpace: MONOCHROME2
Dicom test. Transfer syntax: 1.2.840.10008.1.2.1 interleaved: 0 sign: 0 highBit: 17
 colorSpace: RGB
Dicom test. Transfer syntax: 1.2.840.10008.1.2.1 interleaved: 0 sign: 0 highBit: 17
 colorSpace: YBR_FULL
Dicom test. Transfer syntax: 1.2.840.10008.1.2.1 interleaved: 0 sign: 0 highBit: 18
 colorSpace: MONOCHROME2
Dicom test. Transfer syntax: 1.2.840.10008.1.2.1 interleaved: 0 sign: 0 highBit: 18
 colorSpace: RGB
Dicom test. Transfer syntax: 1.2.840.10008.1.2.1 interleaved: 0 sign: 0 highBit: 18
 colorSpace: YBR_FULL
Dicom test. Transfer syntax: 1.2.840.10008.1.2.1 interleaved: 0 sign: 0 highBit: 19
 colorSpace: MONOCHROME2
Dicom test. Transfer syntax: 1.2.840.10008.1.2.1 interleaved: 0 sign: 0 highBit: 19
 colorSpace: RGB
Dicom test. Transfer syntax: 1.2.840.10008.1.2.1 interleaved: 0 sign: 0 highBit: 19
 colorSpace: YBR_FULL
Dicom test. Transfer syntax: 1.2.840.10008.1.2.1 interleaved: 0 sign: 0 highBit: 20
 colorSpace: MONOCHROME2
Dicom test. Transfer syntax: 1.2.840.10008.1.2.1 interleaved: 0 sign: 0 highBit: 20
 colorSpace: RGB
Dicom test. Transfer syntax: 1.2.840.10008.1.2.1 interleaved: 0 sign: 0 highBit: 20
 colorSpace: YBR_FULL
Dicom test. Transfer syntax: 1.2.840.10008.1.2.1 interleaved: 0 sign: 0 highBit: 21
 colorSpace: MONOCHROME2
Dicom test. Transfer syntax: 1.2.840.10008.1.2.1 interleaved: 0 sign: 0 highBit: 21
 colorSpace: RGB
Dicom test. Transfer syntax: 1.2.840.10008.1.2.1 interleaved: 0 sign: 0 highBit: 21
 colorSpace: YBR_FULL
Dicom test. Transfer syntax: 1.2.840.10008.1.2.1 interleaved: 0 sign: 0 highBit: 22
 colorSpace: MONOCHROME2
Dicom test. Transfer syntax: 1.2.840.10008.1.2.1 interleaved: 0 sign: 0 highBit: 22
 colorSpace: RGB
Dicom test. Transfer syntax: 1.2.840.10008.1.2.1 interleaved: 0 sign: 0 highBit: 22
 colorSpace: YBR_FULL
Dicom test. Transfer syntax: 1.2.840.10008.1.2.1 interleaved: 0 sign: 0 highBit: 23
 colorSpace: MONOCHROME2
Dicom test. Transfer syntax: 1.2.840.10008.1.2.1 interleaved: 0 sign: 0 highBit: 23
 colorSpace: RGB
Dicom test. Transfer syntax: 1.2.840.10008.1.2.1 interleaved: 0 sign: 0 highBit: 23
 colorSpace: YBR_FULL
Dicom test. Transfer syntax: 1.2.840.10008.1.2.1 interleaved: 0 sign: 0 highBit: 24
 colorSpace: MONOCHROME2
Dicom test. Transfer syntax: 1.2.840.10008.1.2.1 interleaved: 0 sign: 0 highBit: 24
 colorSpace: RGB
Dicom test. Transfer syntax: 1.2.840.10008.1.2.1 interleaved: 0 sign: 0 highBit: 24
 colorSpace: YBR_FULL
Dicom test. Transfer syntax: 1.2.840.10008.1.2.1 interleaved: 0 sign: 0 highBit: 25
 colorSpace: MONOCHROME2
Dicom test. Transfer syntax: 1.2.840.10008.1.2.1 interleaved: 0 sign: 0 highBit: 25
 colorSpace: RGB
Dicom test. Transfer syntax: 1.2.840.10008.1.2.1 interleaved: 0 sign: 0 highBit: 25
 colorSpace: YBR_FULL
Dicom test. Transfer syntax: 1.2.840.10008.1.2.1 interleaved: 0 sign: 0 highBit: 26
 colorSpace: MONOCHROME2
Dicom test. Transfer syntax: 1.2.840.10008.1.2.1 interleaved: 0 sign: 0 highBit: 26
 colorSpace: RGB
Dicom test. Transfer syntax: 1.2.840.10008.1.2.1 interleaved: 0 sign: 0 highBit: 26
 colorSpace: YBR_FULL
Dicom test. Transfer syntax: 1.2.840.10008.1.2.1 interleaved: 0 sign: 0 highBit: 27
 colorSpace: MONOCHROME2
Dicom test. Transfer syntax: 1.2.840.10008.1.2.1 interleaved: 0 sign: 0 highBit: 27
 colorSpace: RGB
Dicom test. Transfer syntax: 1.2.840.10008.1.2.1 interleaved: 0 sign: 0 highBit: 27
 colorSpace: YBR_FULL
Dicom test. Transfer syntax: 1.2.840.10008.1.2.1 interleaved: 0 sign: 0 highBit: 28
 colorSpace: MONOCHROME2
Dicom test. Transfer syntax: 1.2.840.10008.1.2.1 interleaved: 0 sign: 0 highBit: 28
 colorSpace: RGB
Dicom test. Transfer syntax: 1.2.840.10008.1.2.1 interleaved: 0 sign: 0 highBit: 28
 colorSpace: YBR_FULL
Dicom test. Transfer syntax: 1.2.840.10008.1.2.1 interleaved: 0 sign: 0 highBit: 29
 colorSpace: MONOCHROME2
Dicom test. Transfer syntax: 1.2.840.10008.1.2.1 interleaved: 0 sign: 0 highBit: 29
 colorSpace: RGB
Dicom test. Transfer syntax: 1.2.840.10008.1.2.1 interleaved: 0 sign: 0 highBit: 29
 colorSpace: YBR_FULL
Dicom test. Transfer syntax: 1.2.840.10008.1.2.1 interleaved: 0 sign: 0 highBit: 30
 colorSpace: MONOCHROME2
Dicom test. Transfer syntax: 1.2.840.10008.1.2.1 interleaved: 0 sign: 0 highBit: 30
 colorSpace: RGB
Dicom test. Transfer syntax: 1.2.840.10008.1.2.1 interleaved: 0 sign: 0 highBit: 30
 colorSpace: YBR_FULL
Dicom test. Transfer syntax: 1.2.840.10008.1.2.1 interleaved: 0 sign: 0 highBit: 31
 colorSpace: MONOCHROME2
Dicom test. Transfer syntax: 1.2.840.10008.1.2.1 interleaved: 0 sign: 0 highBit: 31
 colorSpace: RGB
Dicom test. Transfer syntax: 1.2.840.10008.1.2.1 interleaved: 0 sign: 0 highBit: 31
 colorSpace: YBR_FULL
Dicom test. Transfer syntax: 1.2.840.10008.1.2.1 interleaved: 0 sign: 1 highBit: 0
 colorSpace: MONOCHROME2
Dicom test. Transfer syntax: 1.2.840.10008.1.2.1 interleaved: 0 sign: 1 highBit: 0
 colorSpace: RGB
Dicom test. Transfer syntax: 1.2.840.10008.1.2.1 interleaved: 0 sign: 1 highBit: 0
 colorSpace: YBR_FULL
Dicom test. Transfer syntax: 1.2.840.10008.1.2.1 interleaved: 0 sign: 1 highBit: 1
 colorSpace: MONOCHROME2
Dicom test. Transfer syntax: 1.2.840.10008.1.2.1 interleaved: 0 sign: 1 highBit: 1
 colorSpace: RGB
Dicom test. Transfer syntax: 1.2.840.10008.1.2.1 interleaved: 0 sign: 1 highBit: 1
 colorSpace: YBR_FULL
Dicom test. Transfer syntax: 1.2.840.10008.1.2.1 interleaved: 0 sign: 1 highBit: 2
 colorSpace: MONOCHROME2
Dicom test. Transfer syntax: 1.2.840.10008.1.2.1 interleaved: 0 sign: 1 highBit: 2
 colorSpace: RGB
Dicom test. Transfer syntax: 1.2.840.10008.1.2.1 interleaved: 0 sign: 1 highBit: 2
 colorSpace: YBR_FULL
Dicom test. Transfer syntax: 1.2.840.10008.1.2.1 interleaved: 0 sign: 1 highBit: 3
 colorSpace: MONOCHROME2
Dicom test. Transfer syntax: 1.2.840.10008.1.2.1 interleaved: 0 sign: 1 highBit: 3
 colorSpace: RGB
Dicom test. Transfer syntax: 1.2.840.10008.1.2.1 interleaved: 0 sign: 1 highBit: 3
 colorSpace: YBR_FULL
Dicom test. Transfer syntax: 1.2.840.10008.1.2.1 interleaved: 0 sign: 1 highBit: 4
 colorSpace: MONOCHROME2
Dicom test. Transfer syntax: 1.2.840.10008.1.2.1 interleaved: 0 sign: 1 highBit: 4
 colorSpace: RGB
Dicom test. Transfer syntax: 1.2.840.10008.1.2.1 interleaved: 0 sign: 1 highBit: 4
 colorSpace: YBR_FULL
Dicom test. Transfer syntax: 1.2.840.10008.1.2.1 interleaved: 0 sign: 1 highBit: 5
 colorSpace: MONOCHROME2
Dicom test. Transfer syntax: 1.2.840.10008.1.2.1 interleaved: 0 sign: 1 highBit: 5
 colorSpace: RGB
Dicom test. Transfer syntax: 1.2.840.10008.1.2.1 interleaved: 0 sign: 1 highBit: 5
 colorSpace: YBR_FULL
Dicom test. Transfer syntax: 1.2.840.10008.1.2.1 interleaved: 0 sign: 1 highBit: 6
 colorSpace: MONOCHROME2
Dicom test. Transfer syntax: 1.2.840.10008.1.2.1 interleaved: 0 sign: 1 highBit: 6
 colorSpace: RGB
Dicom test. Transfer syntax: 1.2.840.10008.1.2.1 interleaved: 0 sign: 1 highBit: 6
 colorSpace: YBR_FULL
Dicom test. Transfer syntax: 1.2.840.10008.1.2.1 interleaved: 0 sign: 1 highBit: 7
 colorSpace: MONOCHROME2
Dicom test. Transfer syntax: 1.2.840.10008.1.2.1 interleaved: 0 sign: 1 highBit: 7
 colorSpace: RGB
Dicom test. Transfer syntax: 1.2.840.10008.1.2.1 interleaved: 0 sign: 1 highBit: 7
 colorSpace: YBR_FULL
Dicom test. Transfer syntax: 1.2.840.10008.1.2.1 interleaved: 0 sign: 1 highBit: 8
 colorSpace: MONOCHROME2
Dicom test. Transfer syntax: 1.2.840.10008.1.2.1 interleaved: 0 sign: 1 highBit: 8
 colorSpace: RGB
Dicom test. Transfer syntax: 1.2.840.10008.1.2.1 interleaved: 0 sign: 1 highBit: 8
 colorSpace: YBR_FULL
Dicom test. Transfer syntax: 1.2.840.10008.1.2.1 interleaved: 0 sign: 1 highBit: 9
 colorSpace: MONOCHROME2
Dicom test. Transfer syntax: 1.2.840.10008.1.2.1 interleaved: 0 sign: 1 highBit: 9
 colorSpace: RGB
Dicom test. Transfer syntax: 1.2.840.10008.1.2.1 interleaved: 0 sign: 1 highBit: 9
 colorSpace: YBR_FULL
Dicom test. Transfer syntax: 1.2.840.10008.1.2.1 interleaved: 0 sign: 1 highBit: 10
 colorSpace: MONOCHROME2
Dicom test. Transfer syntax: 1.2.840.10008.1.2.1 interleaved: 0 sign: 1 highBit: 10
 colorSpace: RGB
Dicom test. Transfer syntax: 1.2.840.10008.1.2.1 interleaved: 0 sign: 1 highBit: 10
 colorSpace: YBR_FULL
Dicom test. Transfer syntax: 1.2.840.10008.1.2.1 interleaved: 0 sign: 1 highBit: 11
 colorSpace: MONOCHROME2
Dicom test. Transfer syntax: 1.2.840.10008.1.2.1 interleaved: 0 sign: 1 highBit: 11
 colorSpace: RGB
Dicom test. Transfer syntax: 1.2.840.10008.1.2.1 interleaved: 0 sign: 1 highBit: 11
 colorSpace: YBR_FULL
Dicom test. Transfer syntax: 1.2.840.10008.1.2.1 interleaved: 0 sign: 1 highBit: 12
 colorSpace: MONOCHROME2
Dicom test. Transfer syntax: 1.2.840.10008.1.2.1 interleaved: 0 sign: 1 highBit: 12
 colorSpace: RGB
Dicom test. Transfer syntax: 1.2.840.10008.1.2.1 interleaved: 0 sign: 1 highBit: 12
 colorSpace: YBR_FULL
Dicom test. Transfer syntax: 1.2.840.10008.1.2.1 interleaved: 0 sign: 1 highBit: 13
 colorSpace: MONOCHROME2
Dicom test. Transfer syntax: 1.2.840.10008.1.2.1 interleaved: 0 sign: 1 highBit: 13
 colorSpace: RGB
Dicom test. Transfer syntax: 1.2.840.10008.1.2.1 interleaved: 0 sign: 1 highBit: 13
 colorSpace: YBR_FULL
Dicom test. Transfer syntax: 1.2.840.10008.1.2.1 interleaved: 0 sign: 1 highBit: 14
 colorSpace: MONOCHROME2
Dicom test. Transfer syntax: 1.2.840.10008.1.2.1 interleaved: 0 sign: 1 highBit: 14
 colorSpace: RGB
Dicom test. Transfer syntax: 1.2.840.10008.1.2.1 interleaved: 0 sign: 1 highBit: 14
 colorSpace: YBR_FULL
Dicom test. Transfer syntax: 1.2.840.10008.1.2.1 interleaved: 0 sign: 1 highBit: 15
 colorSpace: MONOCHROME2
Dicom test. Transfer syntax: 1.2.840.10008.1.2.1 interleaved: 0 sign: 1 highBit: 15
 colorSpace: RGB
Dicom test. Transfer syntax: 1.2.840.10008.1.2.1 interleaved: 0 sign: 1 highBit: 15
 colorSpace: YBR_FULL
Dicom test. Transfer syntax: 1.2.840.10008.1.2.1 interleaved: 0 sign: 1 highBit: 16
 colorSpace: MONOCHROME2
Dicom test. Transfer syntax: 1.2.840.10008.1.2.1 interleaved: 0 sign: 1 highBit: 16
 colorSpace: RGB
Dicom test. Transfer syntax: 1.2.840.10008.1.2.1 interleaved: 0 sign: 1 highBit: 16
 colorSpace: YBR_FULL
Dicom test. Transfer syntax: 1.2.840.10008.1.2.1 interleaved: 0 sign: 1 highBit: 17
 colorSpace: MONOCHROME2
Dicom test. Transfer syntax: 1.2.840.10008.1.2.1 interleaved: 0 sign: 1 highBit: 17
 colorSpace: RGB
Dicom test. Transfer syntax: 1.2.840.10008.1.2.1 interleaved: 0 sign: 1 highBit: 17
 colorSpace: YBR_FULL
Dicom test. Transfer syntax: 1.2.840.10008.1.2.1 interleaved: 0 sign: 1 highBit: 18
 colorSpace: MONOCHROME2
Dicom test. Transfer syntax: 1.2.840.10008.1.2.1 interleaved: 0 sign: 1 highBit: 18
 colorSpace: RGB
Dicom test. Transfer syntax: 1.2.840.10008.1.2.1 interleaved: 0 sign: 1 highBit: 18
 colorSpace: YBR_FULL
Dicom test. Transfer syntax: 1.2.840.10008.1.2.1 interleaved: 0 sign: 1 highBit: 19
 colorSpace: MONOCHROME2
Dicom test. Transfer syntax: 1.2.840.10008.1.2.1 interleaved: 0 sign: 1 highBit: 19
 colorSpace: RGB
Dicom test. Transfer syntax: 1.2.840.10008.1.2.1 interleaved: 0 sign: 1 highBit: 19
 colorSpace: YBR_FULL
Dicom test. Transfer syntax: 1.2.840.10008.1.2.1 interleaved: 0 sign: 1 highBit: 20
 colorSpace: MONOCHROME2
Dicom test. Transfer syntax: 1.2.840.10008.1.2.1 interleaved: 0 sign: 1 highBit: 20
 colorSpace: RGB
Dicom test. Transfer syntax: 1.2.840.10008.1.2.1 interleaved: 0 sign: 1 highBit: 20
 colorSpace: YBR_FULL
Dicom test. Transfer syntax: 1.2.840.10008.1.2.1 interleaved: 0 sign: 1 highBit: 21
 colorSpace: MONOCHROME2
Dicom test. Transfer syntax: 1.2.840.10008.1.2.1 interleaved: 0 sign: 1 highBit: 21
 colorSpace: RGB
Dicom test. Transfer syntax: 1.2.840.10008.1.2.1 interleaved: 0 sign: 1 highBit: 21
 colorSpace: YBR_FULL
Dicom test. Transfer syntax: 1.2.840.10008.1.2.1 interleaved: 0 sign: 1 highBit: 22
 colorSpace: MONOCHROME2
Dicom test. Transfer syntax: 1.2.840.10008.1.2.1 interleaved: 0 sign: 1 highBit: 22
 colorSpace: RGB
Dicom test. Transfer syntax: 1.2.840.10008.1.2.1 interleaved: 0 sign: 1 highBit: 22
 colorSpace: YBR_FULL
Dicom test. Transfer syntax: 1.2.840.10008.1.2.1 interleaved: 0 sign: 1 highBit: 23
 colorSpace: MONOCHROME2
Dicom test. Transfer syntax: 1.2.840.10008.1.2.1 interleaved: 0 sign: 1 highBit: 23
 colorSpace: RGB
Dicom test. Transfer syntax: 1.2.840.10008.1.2.1 interleaved: 0 sign: 1 highBit: 23
 colorSpace: YBR_FULL
Dicom test. Transfer syntax: 1.2.840.10008.1.2.1 interleaved: 0 sign: 1 highBit: 24
 colorSpace: MONOCHROME2
Dicom test. Transfer syntax: 1.2.840.10008.1.2.1 interleaved: 0 sign: 1 highBit: 24
 colorSpace: RGB
Dicom test. Transfer syntax: 1.2.840.10008.1.2.1 interleaved: 0 sign: 1 highBit: 24
 colorSpace: YBR_FULL
Dicom test. Transfer syntax: 1.2.840.10008.1.2.1 interleaved: 0 sign: 1 highBit: 25
 colorSpace: MONOCHROME2
Dicom test. Transfer syntax: 1.2.840.10008.1.2.1 interleaved: 0 sign: 1 highBit: 25
 colorSpace: RGB
Dicom test. Transfer syntax: 1.2.840.10008.1.2.1 interleaved: 0 sign: 1 highBit: 25
 colorSpace: YBR_FULL
Dicom test. Transfer syntax: 1.2.840.10008.1.2.1 interleaved: 0 sign: 1 highBit: 26
 colorSpace: MONOCHROME2
Dicom test. Transfer syntax: 1.2.840.10008.1.2.1 interleaved: 0 sign: 1 highBit: 26
 colorSpace: RGB
Dicom test. Transfer syntax: 1.2.840.10008.1.2.1 interleaved: 0 sign: 1 highBit: 26
 colorSpace: YBR_FULL
Dicom test. Transfer syntax: 1.2.840.10008.1.2.1 interleaved: 0 sign: 1 highBit: 27
 colorSpace: MONOCHROME2
Dicom test. Transfer syntax: 1.2.840.10008.1.2.1 interleaved: 0 sign: 1 highBit: 27
 colorSpace: RGB
Dicom test. Transfer syntax: 1.2.840.10008.1.2.1 interleaved: 0 sign: 1 highBit: 27
 colorSpace: YBR_FULL
Dicom test. Transfer syntax: 1.2.840.10008.1.2.1 interleaved: 0 sign: 1 highBit: 28
 colorSpace: MONOCHROME2
Dicom test. Transfer syntax: 1.2.840.10008.1.2.1 interleaved: 0 sign: 1 highBit: 28
 colorSpace: RGB
Dicom test. Transfer syntax: 1.2.840.10008.1.2.1 interleaved: 0 sign: 1 highBit: 28
 colorSpace: YBR_FULL
Dicom test. Transfer syntax: 1.2.840.10008.1.2.1 interleaved: 0 sign: 1 highBit: 29
 colorSpace: MONOCHROME2
Dicom test. Transfer syntax: 1.2.840.10008.1.2.1 interleaved: 0 sign: 1 highBit: 29
 colorSpace: RGB
Dicom test. Transfer syntax: 1.2.840.10008.1.2.1 interleaved: 0 sign: 1 highBit: 29
 colorSpace: YBR_FULL
Dicom test. Transfer syntax: 1.2.840.10008.1.2.1 interleaved: 0 sign: 1 highBit: 30
 colorSpace: MONOCHROME2
Dicom test. Transfer syntax: 1.2.840.10008.1.2.1 interleaved: 0 sign: 1 highBit: 30
 colorSpace: RGB
Dicom test. Transfer syntax: 1.2.840.10008.1.2.1 interleaved: 0 sign: 1 highBit: 30
 colorSpace: YBR_FULL
Dicom test. Transfer syntax: 1.2.840.10008.1.2.1 interleaved: 0 sign: 1 highBit: 31
 colorSpace: MONOCHROME2
Dicom test. Transfer syntax: 1.2.840.10008.1.2.1 interleaved: 0 sign: 1 highBit: 31
 colorSpace: RGB
Dicom test. Transfer syntax: 1.2.840.10008.1.2.1 interleaved: 0 sign: 1 highBit: 31
 colorSpace: YBR_FULL
Dicom test. Transfer syntax: 1.2.840.10008.1.2.1 interleaved: 1 sign: 0 highBit: 0
 colorSpace: MONOCHROME2
Dicom test. Transfer syntax: 1.2.840.10008.1.2.1 interleaved: 1 sign: 0 highBit: 0
 colorSpace: RGB
Dicom test. Transfer syntax: 1.2.840.10008.1.2.1 interleaved: 1 sign: 0 highBit: 0
 colorSpace: YBR_FULL
Dicom test. Transfer syntax: 1.2.840.10008.1.2.1 interleaved: 1 sign: 0 highBit: 0
 colorSpace: YBR_FULL_422
Dicom test. Transfer syntax: 1.2.840.10008.1.2.1 interleaved: 1 sign: 0 highBit: 0
 colorSpace: YBR_FULL_420
Dicom test. Transfer syntax: 1.2.840.10008.1.2.1 interleaved: 1 sign: 0 highBit: 1
 colorSpace: MONOCHROME2
Dicom test. Transfer syntax: 1.2.840.10008.1.2.1 interleaved: 1 sign: 0 highBit: 1
 colorSpace: RGB
Dicom test. Transfer syntax: 1.2.840.10008.1.2.1 interleaved: 1 sign: 0 highBit: 1
 colorSpace: YBR_FULL
Dicom test. Transfer syntax: 1.2.840.10008.1.2.1 interleaved: 1 sign: 0 highBit: 1
 colorSpace: YBR_FULL_422
Dicom test. Transfer syntax: 1.2.840.10008.1.2.1 interleaved: 1 sign: 0 highBit: 1
 colorSpace: YBR_FULL_420
Dicom test. Transfer syntax: 1.2.840.10008.1.2.1 interleaved: 1 sign: 0 highBit: 2
 colorSpace: MONOCHROME2
Dicom test. Transfer syntax: 1.2.840.10008.1.2.1 interleaved: 1 sign: 0 highBit: 2
 colorSpace: RGB
Dicom test. Transfer syntax: 1.2.840.10008.1.2.1 interleaved: 1 sign: 0 highBit: 2
 colorSpace: YBR_FULL
Dicom test. Transfer syntax: 1.2.840.10008.1.2.1 interleaved: 1 sign: 0 highBit: 2
 colorSpace: YBR_FULL_422
Dicom test. Transfer syntax: 1.2.840.10008.1.2.1 interleaved: 1 sign: 0 highBit: 2
 colorSpace: YBR_FULL_420
Dicom test. Transfer syntax: 1.2.840.10008.1.2.1 interleaved: 1 sign: 0 highBit: 3
 colorSpace: MONOCHROME2
Dicom test. Transfer syntax: 1.2.840.10008.1.2.1 interleaved: 1 sign: 0 highBit: 3
 colorSpace: RGB
Dicom test. Transfer syntax: 1.2.840.10008.1.2.1 interleaved: 1 sign: 0 highBit: 3
 colorSpace: YBR_FULL
Dicom test. Transfer syntax: 1.2.840.10008.1.2.1 interleaved: 1 sign: 0 highBit: 3
 colorSpace: YBR_FULL_422
Dicom test. Transfer syntax: 1.2.840.10008.1.2.1 interleaved: 1 sign: 0 highBit: 3
 colorSpace: YBR_FULL_420
Dicom test. Transfer syntax: 1.2.840.10008.1.2.1 interleaved: 1 sign: 0 highBit: 4
 colorSpace: MONOCHROME2
Dicom test. Transfer syntax: 1.2.840.10008.1.2.1 interleaved: 1 sign: 0 highBit: 4
 colorSpace: RGB
Dicom test. Transfer syntax: 1.2.840.10008.1.2.1 interleaved: 1 sign: 0 highBit: 4
 colorSpace: YBR_FULL
Dicom test. Transfer syntax: 1.2.840.10008.1.2.1 interleaved: 1 sign: 0 highBit: 4
 colorSpace: YBR_FULL_422
[...]
[----------] 1 test from dicomDictionaryTest (0 ms total)

[----------] 2 tests from dicomDirTest
[ RUN      ] dicomDirTest.createDicomDir
[       OK ] dicomDirTest.createDicomDir (2 ms)
[ RUN      ] dicomDirTest.emptyDicomDir
[       OK ] dicomDirTest.emptyDicomDir (0 ms)
[----------] 2 tests from dicomDirTest (2 ms total)

[----------] 13 tests from dimseTest
[ RUN      ] dimseTest.storeSCUSCP
[       OK ] dimseTest.storeSCUSCP (3 ms)
[ RUN      ] dimseTest.getSCUSCP
[       OK ] dimseTest.getSCUSCP (6 ms)
[ RUN      ] dimseTest.moveSCUSCP
[       OK ] dimseTest.moveSCUSCP (4 ms)
[ RUN      ] dimseTest.findSCUSCP
[       OK ] dimseTest.findSCUSCP (5 ms)
[ RUN      ] dimseTest.echoSCUSCP
[       OK ] dimseTest.echoSCUSCP (4 ms)
[ RUN      ] dimseTest.cancelSCUSCP
[       OK ] dimseTest.cancelSCUSCP (5005 ms)
[ RUN      ] dimseTest.neventReportSCUSCP
[       OK ] dimseTest.neventReportSCUSCP (7 ms)
[ RUN      ] dimseTest.ngetSCUSCP
[       OK ] dimseTest.ngetSCUSCP (3 ms)
[ RUN      ] dimseTest.nsetSCUSCP
[       OK ] dimseTest.nsetSCUSCP (4 ms)
[ RUN      ] dimseTest.nActionSCUSCP
[       OK ] dimseTest.nActionSCUSCP (3 ms)
[ RUN      ] dimseTest.nCreateSCUSCP
[       OK ] dimseTest.nCreateSCUSCP (3 ms)
[ RUN      ] dimseTest.nDeleteSCUSCP
[       OK ] dimseTest.nDeleteSCUSCP (3 ms)
[ RUN      ] dimseTest.dimseTimeoutTest
[       OK ] dimseTest.dimseTimeoutTest (10001 ms)
[----------] 13 tests from dimseTest (15051 ms total)

[----------] 6 tests from drawBitmapTest
[ RUN      ] drawBitmapTest.testDrawBitmapRGB
[       OK ] drawBitmapTest.testDrawBitmapRGB (3134 ms)
[ RUN      ] drawBitmapTest.testDrawBitmapBGR
[       OK ] drawBitmapTest.testDrawBitmapBGR (3156 ms)
[ RUN      ] drawBitmapTest.testDrawBitmapRGBA
[       OK ] drawBitmapTest.testDrawBitmapRGBA (3247 ms)
[ RUN      ] drawBitmapTest.testDrawBitmapBGRA
[       OK ] drawBitmapTest.testDrawBitmapBGRA (3231 ms)
[ RUN      ] drawBitmapTest.testPalette
[       OK ] drawBitmapTest.testPalette (68 ms)
[ RUN      ] drawBitmapTest.testPalette16bit
[       OK ] drawBitmapTest.testPalette16bit (69 ms)
[----------] 6 tests from drawBitmapTest (12905 ms total)

[----------] 2 tests from exceptionsTest
[ RUN      ] exceptionsTest.testExceptions
[       OK ] exceptionsTest.testExceptions (2001 ms)
[ RUN      ] exceptionsTest.testAutomaticClear
[       OK ] exceptionsTest.testAutomaticClear (1 ms)
[----------] 2 tests from exceptionsTest (2002 ms total)

[----------] 3 tests from jpegCodecTest
[ RUN      ] jpegCodecTest.testBaseline
Testing baseline jpeg (8 bits)
Testing baseline jpeg (12 bits)
[       OK ] jpegCodecTest.testBaseline (1491 ms)
[ RUN      ] jpegCodecTest.testBaselineSubsampled
[       OK ] jpegCodecTest.testBaselineSubsampled (2777 ms)
[ RUN      ] jpegCodecTest.testLossless
Testing lossless jpeg (8 bits, interleaved=0, firstOrderPrediction=0, 2complement=0, colorSpace=RGB)
Testing lossless jpeg (8 bits, interleaved=0, firstOrderPrediction=0, 2complement=0, colorSpace=MONOCHROME2)
Testing lossless jpeg (8 bits, interleaved=0, firstOrderPrediction=0, 2complement=1, colorSpace=RGB)
Testing lossless jpeg (8 bits, interleaved=0, firstOrderPrediction=0, 2complement=1, colorSpace=MONOCHROME2)
Testing lossless jpeg (8 bits, interleaved=0, firstOrderPrediction=1, 2complement=0, colorSpace=RGB)
Testing lossless jpeg (8 bits, interleaved=0, firstOrderPrediction=1, 2complement=0, colorSpace=MONOCHROME2)
Testing lossless jpeg (8 bits, interleaved=0, firstOrderPrediction=1, 2complement=1, colorSpace=RGB)
Testing lossless jpeg (8 bits, interleaved=0, firstOrderPrediction=1, 2complement=1, colorSpace=MONOCHROME2)
Testing lossless jpeg (16 bits, interleaved=0, firstOrderPrediction=0, 2complement=0, colorSpace=RGB)
Testing lossless jpeg (16 bits, interleaved=0, firstOrderPrediction=0, 2complement=0, colorSpace=MONOCHROME2)
Testing lossless jpeg (16 bits, interleaved=0, firstOrderPrediction=0, 2complement=1, colorSpace=RGB)
Testing lossless jpeg (16 bits, interleaved=0, firstOrderPrediction=0, 2complement=1, colorSpace=MONOCHROME2)
Testing lossless jpeg (16 bits, interleaved=0, firstOrderPrediction=1, 2complement=0, colorSpace=RGB)
Testing lossless jpeg (16 bits, interleaved=0, firstOrderPrediction=1, 2complement=0, colorSpace=MONOCHROME2)
Testing lossless jpeg (16 bits, interleaved=0, firstOrderPrediction=1, 2complement=1, colorSpace=RGB)
Testing lossless jpeg (16 bits, interleaved=0, firstOrderPrediction=1, 2complement=1, colorSpace=MONOCHROME2)
Testing lossless jpeg (8 bits, interleaved=1, firstOrderPrediction=0, 2complement=0, colorSpace=RGB)
Testing lossless jpeg (8 bits, interleaved=1, firstOrderPrediction=0, 2complement=0, colorSpace=MONOCHROME2)
Testing lossless jpeg (8 bits, interleaved=1, firstOrderPrediction=0, 2complement=1, colorSpace=RGB)
Testing lossless jpeg (8 bits, interleaved=1, firstOrderPrediction=0, 2complement=1, colorSpace=MONOCHROME2)
Testing lossless jpeg (8 bits, interleaved=1, firstOrderPrediction=1, 2complement=0, colorSpace=RGB)
Testing lossless jpeg (8 bits, interleaved=1, firstOrderPrediction=1, 2complement=0, colorSpace=MONOCHROME2)
Testing lossless jpeg (8 bits, interleaved=1, firstOrderPrediction=1, 2complement=1, colorSpace=RGB)
Testing lossless jpeg (8 bits, interleaved=1, firstOrderPrediction=1, 2complement=1, colorSpace=MONOCHROME2)
Testing lossless jpeg (16 bits, interleaved=1, firstOrderPrediction=0, 2complement=0, colorSpace=RGB)
Testing lossless jpeg (16 bits, interleaved=1, firstOrderPrediction=0, 2complement=0, colorSpace=MONOCHROME2)
Testing lossless jpeg (16 bits, interleaved=1, firstOrderPrediction=0, 2complement=1, colorSpace=RGB)
Testing lossless jpeg (16 bits, interleaved=1, firstOrderPrediction=0, 2complement=1, colorSpace=MONOCHROME2)
Testing lossless jpeg (16 bits, interleaved=1, firstOrderPrediction=1, 2complement=0, colorSpace=RGB)
Testing lossless jpeg (16 bits, interleaved=1, firstOrderPrediction=1, 2complement=0, colorSpace=MONOCHROME2)
Testing lossless jpeg (16 bits, interleaved=1, firstOrderPrediction=1, 2complement=1, colorSpace=RGB)
Testing lossless jpeg (16 bits, interleaved=1, firstOrderPrediction=1, 2complement=1, colorSpace=MONOCHROME2)
[       OK ] jpegCodecTest.testLossless (1856 ms)
[----------] 3 tests from jpegCodecTest (6124 ms total)

[----------] 7 tests from lut
[ RUN      ] lut.simpleLut
[       OK ] lut.simpleLut (0 ms)
[ RUN      ] lut.simpleLutNegative
[       OK ] lut.simpleLutNegative (0 ms)
[ RUN      ] lut.simpleLutCorruptedDescriptor
[       OK ] lut.simpleLutCorruptedDescriptor (0 ms)
[ RUN      ] lut.simpleLutCorruptedDescriptor1
[       OK ] lut.simpleLutCorruptedDescriptor1 (1 ms)
[ RUN      ] lut.simpleLutCorruptedDescriptor2
[       OK ] lut.simpleLutCorruptedDescriptor2 (0 ms)
[ RUN      ] lut.simpleLutCorruptedDescriptor3
[       OK ] lut.simpleLutCorruptedDescriptor3 (0 ms)
[ RUN      ] lut.simpleLut16bitFull
[       OK ] lut.simpleLut16bitFull (37 ms)
[----------] 7 tests from lut (38 ms total)

[----------] 4 tests from memoryTest
[ RUN      ] memoryTest.testMemoryPool
[       OK ] memoryTest.testMemoryPool (8001 ms)
[ RUN      ] memoryTest.readMemory
[       OK ] memoryTest.readMemory (0 ms)
[ RUN      ] memoryTest.readWriteMemory
[       OK ] memoryTest.readWriteMemory (0 ms)
[ RUN      ] memoryTest.readWriteMemoryCopy
[       OK ] memoryTest.readWriteMemoryCopy (0 ms)
[----------] 4 tests from memoryTest (8001 ms total)

[----------] 2 tests from modalityVoilut
[ RUN      ] modalityVoilut.voilutUnsigned8
[       OK ] modalityVoilut.voilutUnsigned8 (2 ms)
[ RUN      ] modalityVoilut.voilutUnsigned8LUT
[       OK ] modalityVoilut.voilutUnsigned8LUT (2 ms)
[----------] 2 tests from modalityVoilut (4 ms total)

[----------] 1 test from multipleImagesTest
[ RUN      ] multipleImagesTest.testLosslessImages
Multiple images dicom test. Transfer syntax: 1.2.840.10008.1.2.4.57
Adding image: 0
Adding image: 1
Adding image: 2
Adding image: 3
Adding image: 4
Adding image: 5
Adding image: 6
Adding image: 7
Adding image: 8
Adding image: 9
Adding image: 10
Adding image: 11
Adding image: 12
Adding image: 13
Adding image: 14
Adding image: 15
Adding image: 16
Adding image: 17
Adding image: 18
Adding image: 19
Adding image: 20
Adding image: 21
Adding image: 22
Adding image: 23
Adding image: 24
Adding image: 25
Adding image: 26
Adding image: 27
Adding image: 28
Adding image: 29
Adding image: 30
Adding image: 31
Adding image: 32
Adding image: 33
Adding image: 34
Adding image: 35
Adding image: 36
Adding image: 37
Adding image: 38
Adding image: 39
Adding image: 40
Adding image: 41
Adding image: 42
Adding image: 43
Adding image: 44
Adding image: 45
Adding image: 46
Adding image: 47
Adding image: 48
Adding image: 49
Adding image: 50
Adding image: 51
Adding image: 52
Adding image: 53
Adding image: 54
Adding image: 55
Adding image: 56
Adding image: 57
Adding image: 58
Adding image: 59
Adding image: 60
Adding image: 61
Adding image: 62
Adding image: 63
Multiple images dicom test. Transfer syntax: 1.2.840.10008.1.2.4.70
Adding image: 0
Adding image: 1
Adding image: 2
Adding image: 3
Adding image: 4
Adding image: 5
Adding image: 6
Adding image: 7
Adding image: 8
Adding image: 9
Adding image: 10
Adding image: 11
Adding image: 12
Adding image: 13
Adding image: 14
Adding image: 15
Adding image: 16
Adding image: 17
Adding image: 18
Adding image: 19
Adding image: 20
Adding image: 21
Adding image: 22
Adding image: 23
Adding image: 24
Adding image: 25
Adding image: 26
Adding image: 27
Adding image: 28
Adding image: 29
Adding image: 30
Adding image: 31
Adding image: 32
Adding image: 33
Adding image: 34
Adding image: 35
Adding image: 36
Adding image: 37
Adding image: 38
Adding image: 39
Adding image: 40
Adding image: 41
Adding image: 42
Adding image: 43
Adding image: 44
Adding image: 45
Adding image: 46
Adding image: 47
Adding image: 48
Adding image: 49
Adding image: 50
Adding image: 51
Adding image: 52
Adding image: 53
Adding image: 54
Adding image: 55
Adding image: 56
Adding image: 57
Adding image: 58
Adding image: 59
Adding image: 60
Adding image: 61
Adding image: 62
Adding image: 63
Multiple images dicom test. Transfer syntax: 1.2.840.10008.1.2
Adding image: 0
Adding image: 1
Adding image: 2
Adding image: 3
Adding image: 4
Adding image: 5
Adding image: 6
Adding image: 7
Adding image: 8
Adding image: 9
Adding image: 10
Adding image: 11
Adding image: 12
Adding image: 13
Adding image: 14
Adding image: 15
Adding image: 16
Adding image: 17
Adding image: 18
Adding image: 19
Adding image: 20
Adding image: 21
Adding image: 22
Adding image: 23
Adding image: 24
Adding image: 25
Adding image: 26
Adding image: 27
Adding image: 28
Adding image: 29
Adding image: 30
Adding image: 31
Adding image: 32
Adding image: 33
Adding image: 34
Adding image: 35
Adding image: 36
Adding image: 37
Adding image: 38
Adding image: 39
Adding image: 40
Adding image: 41
Adding image: 42
Adding image: 43
Adding image: 44
Adding image: 45
Adding image: 46
Adding image: 47
Adding image: 48
Adding image: 49
Adding image: 50
Adding image: 51
Adding image: 52
Adding image: 53
Adding image: 54
Adding image: 55
Adding image: 56
Adding image: 57
Adding image: 58
Adding image: 59
Adding image: 60
Adding image: 61
Adding image: 62
Adding image: 63
Multiple images dicom test. Transfer syntax: 1.2.840.10008.1.2.1
Adding image: 0
Adding image: 1
Adding image: 2
Adding image: 3
Adding image: 4
Adding image: 5
Adding image: 6
Adding image: 7
Adding image: 8
Adding image: 9
Adding image: 10
Adding image: 11
Adding image: 12
Adding image: 13
Adding image: 14
Adding image: 15
Adding image: 16
Adding image: 17
Adding image: 18
Adding image: 19
Adding image: 20
Adding image: 21
Adding image: 22
Adding image: 23
Adding image: 24
Adding image: 25
Adding image: 26
Adding image: 27
Adding image: 28
Adding image: 29
Adding image: 30
Adding image: 31
Adding image: 32
Adding image: 33
Adding image: 34
Adding image: 35
Adding image: 36
Adding image: 37
Adding image: 38
Adding image: 39
Adding image: 40
Adding image: 41
Adding image: 42
Adding image: 43
Adding image: 44
Adding image: 45
Adding image: 46
Adding image: 47
Adding image: 48
Adding image: 49
Adding image: 50
Adding image: 51
Adding image: 52
Adding image: 53
Adding image: 54
Adding image: 55
Adding image: 56
Adding image: 57
Adding image: 58
Adding image: 59
Adding image: 60
Adding image: 61
Adding image: 62
Adding image: 63
Multiple images dicom test. Transfer syntax: 1.2.840.10008.1.2.2
Adding image: 0
Adding image: 1
Adding image: 2
Adding image: 3
Adding image: 4
Adding image: 5
Adding image: 6
Adding image: 7
Adding image: 8
Adding image: 9
Adding image: 10
Adding image: 11
Adding image: 12
Adding image: 13
Adding image: 14
Adding image: 15
Adding image: 16
Adding image: 17
Adding image: 18
Adding image: 19
Adding image: 20
Adding image: 21
Adding image: 22
Adding image: 23
Adding image: 24
Adding image: 25
Adding image: 26
Adding image: 27
Adding image: 28
Adding image: 29
Adding image: 30
Adding image: 31
Adding image: 32
Adding image: 33
Adding image: 34
Adding image: 35
Adding image: 36
Adding image: 37
Adding image: 38
Adding image: 39
Adding image: 40
Adding image: 41
Adding image: 42
Adding image: 43
Adding image: 44
Adding image: 45
Adding image: 46
Adding image: 47
Adding image: 48
Adding image: 49
Adding image: 50
Adding image: 51
Adding image: 52
Adding image: 53
Adding image: 54
Adding image: 55
Adding image: 56
Adding image: 57
Adding image: 58
Adding image: 59
Adding image: 60
Adding image: 61
Adding image: 62
Adding image: 63
Multiple images dicom test. Transfer syntax: 1.2.840.10008.1.2.5
Adding image: 0
Adding image: 1
Adding image: 2
Adding image: 3
Adding image: 4
Adding image: 5
Adding image: 6
Adding image: 7
Adding image: 8
Adding image: 9
Adding image: 10
Adding image: 11
Adding image: 12
Adding image: 13
Adding image: 14
Adding image: 15
Adding image: 16
Adding image: 17
Adding image: 18
Adding image: 19
Adding image: 20
Adding image: 21
Adding image: 22
Adding image: 23
Adding image: 24
Adding image: 25
Adding image: 26
Adding image: 27
Adding image: 28
Adding image: 29
Adding image: 30
Adding image: 31
Adding image: 32
Adding image: 33
Adding image: 34
Adding image: 35
Adding image: 36
Adding image: 37
Adding image: 38
Adding image: 39
Adding image: 40
Adding image: 41
Adding image: 42
Adding image: 43
Adding image: 44
Adding image: 45
Adding image: 46
Adding image: 47
Adding image: 48
Adding image: 49
Adding image: 50
Adding image: 51
Adding image: 52
Adding image: 53
Adding image: 54
Adding image: 55
Adding image: 56
Adding image: 57
Adding image: 58
Adding image: 59
Adding image: 60
Adding image: 61
Adding image: 62
Adding image: 63
[       OK ] multipleImagesTest.testLosslessImages (76359 ms)
[----------] 1 test from multipleImagesTest (76359 ms total)

[----------] 4 tests from numericHandlerTest
[ RUN      ] numericHandlerTest.testDouble
[       OK ] numericHandlerTest.testDouble (2 ms)
[ RUN      ] numericHandlerTest.testInteger
[       OK ] numericHandlerTest.testInteger (4 ms)
[ RUN      ] numericHandlerTest.testCopyFrom
[       OK ] numericHandlerTest.testCopyFrom (11 ms)
[ RUN      ] numericHandlerTest.testCopyTo
[       OK ] numericHandlerTest.testCopyTo (12 ms)
[----------] 4 tests from numericHandlerTest (29 ms total)

[----------] 2 tests from paletteTest
[ RUN      ] paletteTest.testPalette
[       OK ] paletteTest.testPalette (119 ms)
[ RUN      ] paletteTest.testPalette16bit
[       OK ] paletteTest.testPalette16bit (113 ms)
[----------] 2 tests from paletteTest (232 ms total)

[----------] 3 tests from pipeTest
[ RUN      ] pipeTest.sendReceive
[       OK ] pipeTest.sendReceive (184 ms)
[ RUN      ] pipeTest.sendReceiveCloseAndWait
[       OK ] pipeTest.sendReceiveCloseAndWait (4001 ms)
[ RUN      ] pipeTest.sendReceiveCloseNoWait
[       OK ] pipeTest.sendReceiveCloseNoWait (5000 ms)
[----------] 3 tests from pipeTest (9185 ms total)

[----------] 4 tests from streamTest
[ RUN      ] streamTest.testReadSome
[       OK ] streamTest.testReadSome (2 ms)
[ RUN      ] streamTest.testVirtualStream
[       OK ] streamTest.testVirtualStream (3 ms)
[ RUN      ] streamTest.testTimeout
[       OK ] streamTest.testTimeout (2000 ms)
[ RUN      ] streamTest.testTimeout1
[       OK ] streamTest.testTimeout1 (1 ms)
[----------] 4 tests from streamTest (2006 ms total)

[----------] 15 tests from stringHandlerTest
[ RUN      ] stringHandlerTest.DSTest
[       OK ] stringHandlerTest.DSTest (2 ms)
[ RUN      ] stringHandlerTest.ISTest
[       OK ] stringHandlerTest.ISTest (0 ms)
[ RUN      ] stringHandlerTest.AETest
[       OK ] stringHandlerTest.AETest (1 ms)
[ RUN      ] stringHandlerTest.zeroPad
[       OK ] stringHandlerTest.zeroPad (0 ms)
[ RUN      ] stringHandlerTest.URTest
[       OK ] stringHandlerTest.URTest (1 ms)
[ RUN      ] stringHandlerTest.LOTest
[       OK ] stringHandlerTest.LOTest (1 ms)
[ RUN      ] stringHandlerTest.LTTest
[       OK ] stringHandlerTest.LTTest (10 ms)
[ RUN      ] stringHandlerTest.SHTest
[       OK ] stringHandlerTest.SHTest (0 ms)
[ RUN      ] stringHandlerTest.STTest
[       OK ] stringHandlerTest.STTest (1 ms)
[ RUN      ] stringHandlerTest.UITest
[       OK ] stringHandlerTest.UITest (0 ms)
[ RUN      ] stringHandlerTest.UCTest
[       OK ] stringHandlerTest.UCTest (39 ms)
[ RUN      ] stringHandlerTest.UTTest
[       OK ] stringHandlerTest.UTTest (41 ms)
[ RUN      ] stringHandlerTest.PNTest
[       OK ] stringHandlerTest.PNTest (1 ms)
[ RUN      ] stringHandlerTest.CSTest
[       OK ] stringHandlerTest.CSTest (0 ms)
[ RUN      ] stringHandlerTest.ASTest
[       OK ] stringHandlerTest.ASTest (0 ms)
[----------] 15 tests from stringHandlerTest (97 ms total)

[----------] 6 tests from tcpTest
[ RUN      ] tcpTest.sendReceive
[       OK ] tcpTest.sendReceive (50008 ms)
[ RUN      ] tcpTest.prematureClose
[       OK ] tcpTest.prematureClose (10001 ms)
[ RUN      ] tcpTest.refusedConnection
[       OK ] tcpTest.refusedConnection (5001 ms)
[ RUN      ] tcpTest.delayedConnection
[       OK ] tcpTest.delayedConnection (10000 ms)
[ RUN      ] tcpTest.nonExistentAddress
[       OK ] tcpTest.nonExistentAddress (9293 ms)
[ RUN      ] tcpTest.noService
[       OK ] tcpTest.noService (4 ms)
[----------] 6 tests from tcpTest (84308 ms total)

[----------] 3 tests from transformsChain
[ RUN      ] transformsChain.emptyChain
[       OK ] transformsChain.emptyChain (7 ms)
[ RUN      ] transformsChain.oneTransform
[       OK ] transformsChain.oneTransform (6 ms)
[ RUN      ] transformsChain.twoTransform
[       OK ] transformsChain.twoTransform (2 ms)
[----------] 3 tests from transformsChain (15 ms total)

[----------] 4 tests from unicodeStringHandlerTest
[ RUN      ] unicodeStringHandlerTest.unicodeTest
[       OK ] unicodeStringHandlerTest.unicodeTest (2 ms)
[ RUN      ] unicodeStringHandlerTest.iso2022Test
[       OK ] unicodeStringHandlerTest.iso2022Test (4 ms)
[ RUN      ] unicodeStringHandlerTest.supplementaryUnicodeChars
[       OK ] unicodeStringHandlerTest.supplementaryUnicodeChars (0 ms)
[ RUN      ] unicodeStringHandlerTest.unicodeNumericConversion
[       OK ] unicodeStringHandlerTest.unicodeNumericConversion (1 ms)
[----------] 4 tests from unicodeStringHandlerTest (7 ms total)

[----------] 3 tests from voilut
[ RUN      ] voilut.voilutUnsigned8
[       OK ] voilut.voilutUnsigned8 (0 ms)
[ RUN      ] voilut.voilutUnsigned8OptimalVOI
[       OK ] voilut.voilutUnsigned8OptimalVOI (0 ms)
[ RUN      ] voilut.voilutUnsigned8LUT
[       OK ] voilut.voilutUnsigned8LUT (0 ms)
[----------] 3 tests from voilut (0 ms total)

[----------] Global test environment tear-down
[==========] 133 tests from 27 test cases ran. (402734 ms total)
[  PASSED  ] 133 tests.
<end of output>
Test time = 402.74 sec
----------------------------------------------------------
Test Passed.
"RunImebraTests" end time: May 01 19:38 -05
"RunImebraTests" time elapsed: 00:06:42
----------------------------------------------------------

End testing: May 01 19:38 -05
